Warning[205] C:\USERS\ISRACODE\DOCUMENTS\FI\2024-2\MICROS\JALAPENOCHIPS\TEOCHIPS\FERIA\JUEGO_FERIA.ASM 1 : Found directive in column 1. (processor)
Warning[205] C:\USERS\ISRACODE\DOCUMENTS\FI\2024-2\MICROS\JALAPENOCHIPS\TEOCHIPS\FERIA\JUEGO_FERIA.ASM 2 : Found directive in column 1. (include)
Message[301] C:\PROGRAM FILES (X86)\MICROCHIP\MPASM SUITE\P16F877.INC 33 : MESSAGE: (Processor-header file mismatch.  Verify selected processor.)
Warning[205] C:\USERS\ISRACODE\DOCUMENTS\FI\2024-2\MICROS\JALAPENOCHIPS\TEOCHIPS\FERIA\JUEGO_FERIA.ASM 40 : Found directive in column 1. (org)
Warning[203] C:\USERS\ISRACODE\DOCUMENTS\FI\2024-2\MICROS\JALAPENOCHIPS\TEOCHIPS\FERIA\JUEGO_FERIA.ASM 41 : Found opcode in column 1. (goto)
Warning[205] C:\USERS\ISRACODE\DOCUMENTS\FI\2024-2\MICROS\JALAPENOCHIPS\TEOCHIPS\FERIA\JUEGO_FERIA.ASM 42 : Found directive in column 1. (org)
Warning[203] C:\USERS\ISRACODE\DOCUMENTS\FI\2024-2\MICROS\JALAPENOCHIPS\TEOCHIPS\FERIA\JUEGO_FERIA.ASM 45 : Found opcode in column 1. (clrf)
Warning[203] C:\USERS\ISRACODE\DOCUMENTS\FI\2024-2\MICROS\JALAPENOCHIPS\TEOCHIPS\FERIA\JUEGO_FERIA.ASM 46 : Found opcode in column 1. (clrf)
Warning[203] C:\USERS\ISRACODE\DOCUMENTS\FI\2024-2\MICROS\JALAPENOCHIPS\TEOCHIPS\FERIA\JUEGO_FERIA.ASM 47 : Found opcode in column 1. (clrf)
Warning[203] C:\USERS\ISRACODE\DOCUMENTS\FI\2024-2\MICROS\JALAPENOCHIPS\TEOCHIPS\FERIA\JUEGO_FERIA.ASM 48 : Found opcode in column 1. (clrf)
Warning[203] C:\USERS\ISRACODE\DOCUMENTS\FI\2024-2\MICROS\JALAPENOCHIPS\TEOCHIPS\FERIA\JUEGO_FERIA.ASM 50 : Found opcode in column 1. (clrf)
Warning[203] C:\USERS\ISRACODE\DOCUMENTS\FI\2024-2\MICROS\JALAPENOCHIPS\TEOCHIPS\FERIA\JUEGO_FERIA.ASM 51 : Found opcode in column 1. (clrf)
Warning[203] C:\USERS\ISRACODE\DOCUMENTS\FI\2024-2\MICROS\JALAPENOCHIPS\TEOCHIPS\FERIA\JUEGO_FERIA.ASM 52 : Found opcode in column 1. (clrf)
Warning[203] C:\USERS\ISRACODE\DOCUMENTS\FI\2024-2\MICROS\JALAPENOCHIPS\TEOCHIPS\FERIA\JUEGO_FERIA.ASM 53 : Found opcode in column 1. (clrf)
Warning[203] C:\USERS\ISRACODE\DOCUMENTS\FI\2024-2\MICROS\JALAPENOCHIPS\TEOCHIPS\FERIA\JUEGO_FERIA.ASM 55 : Found opcode in column 1. (bsf)
Warning[203] C:\USERS\ISRACODE\DOCUMENTS\FI\2024-2\MICROS\JALAPENOCHIPS\TEOCHIPS\FERIA\JUEGO_FERIA.ASM 56 : Found opcode in column 1. (bcf)
Warning[203] C:\USERS\ISRACODE\DOCUMENTS\FI\2024-2\MICROS\JALAPENOCHIPS\TEOCHIPS\FERIA\JUEGO_FERIA.ASM 58 : Found opcode in column 1. (movlw)
Warning[203] C:\USERS\ISRACODE\DOCUMENTS\FI\2024-2\MICROS\JALAPENOCHIPS\TEOCHIPS\FERIA\JUEGO_FERIA.ASM 59 : Found opcode in column 1. (movwf)
Message[302] C:\USERS\ISRACODE\DOCUMENTS\FI\2024-2\MICROS\JALAPENOCHIPS\TEOCHIPS\FERIA\JUEGO_FERIA.ASM 59 : Register in operand not in bank 0.  Ensure that bank bits are correct.
Warning[203] C:\USERS\ISRACODE\DOCUMENTS\FI\2024-2\MICROS\JALAPENOCHIPS\TEOCHIPS\FERIA\JUEGO_FERIA.ASM 60 : Found opcode in column 1. (movlw)
Warning[203] C:\USERS\ISRACODE\DOCUMENTS\FI\2024-2\MICROS\JALAPENOCHIPS\TEOCHIPS\FERIA\JUEGO_FERIA.ASM 61 : Found opcode in column 1. (movwf)
Message[302] C:\USERS\ISRACODE\DOCUMENTS\FI\2024-2\MICROS\JALAPENOCHIPS\TEOCHIPS\FERIA\JUEGO_FERIA.ASM 61 : Register in operand not in bank 0.  Ensure that bank bits are correct.
Warning[203] C:\USERS\ISRACODE\DOCUMENTS\FI\2024-2\MICROS\JALAPENOCHIPS\TEOCHIPS\FERIA\JUEGO_FERIA.ASM 62 : Found opcode in column 1. (movlw)
Warning[203] C:\USERS\ISRACODE\DOCUMENTS\FI\2024-2\MICROS\JALAPENOCHIPS\TEOCHIPS\FERIA\JUEGO_FERIA.ASM 63 : Found opcode in column 1. (movwf)
Message[302] C:\USERS\ISRACODE\DOCUMENTS\FI\2024-2\MICROS\JALAPENOCHIPS\TEOCHIPS\FERIA\JUEGO_FERIA.ASM 63 : Register in operand not in bank 0.  Ensure that bank bits are correct.
Warning[203] C:\USERS\ISRACODE\DOCUMENTS\FI\2024-2\MICROS\JALAPENOCHIPS\TEOCHIPS\FERIA\JUEGO_FERIA.ASM 64 : Found opcode in column 1. (movlw)
Warning[203] C:\USERS\ISRACODE\DOCUMENTS\FI\2024-2\MICROS\JALAPENOCHIPS\TEOCHIPS\FERIA\JUEGO_FERIA.ASM 65 : Found opcode in column 1. (movwf)
Message[302] C:\USERS\ISRACODE\DOCUMENTS\FI\2024-2\MICROS\JALAPENOCHIPS\TEOCHIPS\FERIA\JUEGO_FERIA.ASM 65 : Register in operand not in bank 0.  Ensure that bank bits are correct.
Warning[203] C:\USERS\ISRACODE\DOCUMENTS\FI\2024-2\MICROS\JALAPENOCHIPS\TEOCHIPS\FERIA\JUEGO_FERIA.ASM 66 : Found opcode in column 1. (movlw)
Warning[203] C:\USERS\ISRACODE\DOCUMENTS\FI\2024-2\MICROS\JALAPENOCHIPS\TEOCHIPS\FERIA\JUEGO_FERIA.ASM 67 : Found opcode in column 1. (movwf)
Message[302] C:\USERS\ISRACODE\DOCUMENTS\FI\2024-2\MICROS\JALAPENOCHIPS\TEOCHIPS\FERIA\JUEGO_FERIA.ASM 67 : Register in operand not in bank 0.  Ensure that bank bits are correct.
Warning[203] C:\USERS\ISRACODE\DOCUMENTS\FI\2024-2\MICROS\JALAPENOCHIPS\TEOCHIPS\FERIA\JUEGO_FERIA.ASM 69 : Found opcode in column 1. (bcf)
Warning[203] C:\USERS\ISRACODE\DOCUMENTS\FI\2024-2\MICROS\JALAPENOCHIPS\TEOCHIPS\FERIA\JUEGO_FERIA.ASM 70 : Found opcode in column 1. (call)
Warning[203] C:\USERS\ISRACODE\DOCUMENTS\FI\2024-2\MICROS\JALAPENOCHIPS\TEOCHIPS\FERIA\JUEGO_FERIA.ASM 71 : Found opcode in column 1. (movlw)
Warning[203] C:\USERS\ISRACODE\DOCUMENTS\FI\2024-2\MICROS\JALAPENOCHIPS\TEOCHIPS\FERIA\JUEGO_FERIA.ASM 72 : Found opcode in column 1. (call)
Warning[203] C:\USERS\ISRACODE\DOCUMENTS\FI\2024-2\MICROS\JALAPENOCHIPS\TEOCHIPS\FERIA\JUEGO_FERIA.ASM 77 : Found opcode in column 1. (MOVLW)
Warning[203] C:\USERS\ISRACODE\DOCUMENTS\FI\2024-2\MICROS\JALAPENOCHIPS\TEOCHIPS\FERIA\JUEGO_FERIA.ASM 78 : Found opcode in column 1. (CALL)
Warning[203] C:\USERS\ISRACODE\DOCUMENTS\FI\2024-2\MICROS\JALAPENOCHIPS\TEOCHIPS\FERIA\JUEGO_FERIA.ASM 79 : Found opcode in column 1. (MOVLW)
Warning[203] C:\USERS\ISRACODE\DOCUMENTS\FI\2024-2\MICROS\JALAPENOCHIPS\TEOCHIPS\FERIA\JUEGO_FERIA.ASM 80 : Found opcode in column 1. (CALL)
Warning[203] C:\USERS\ISRACODE\DOCUMENTS\FI\2024-2\MICROS\JALAPENOCHIPS\TEOCHIPS\FERIA\JUEGO_FERIA.ASM 81 : Found opcode in column 1. (MOVLW)
Warning[203] C:\USERS\ISRACODE\DOCUMENTS\FI\2024-2\MICROS\JALAPENOCHIPS\TEOCHIPS\FERIA\JUEGO_FERIA.ASM 82 : Found opcode in column 1. (CALL)
Warning[203] C:\USERS\ISRACODE\DOCUMENTS\FI\2024-2\MICROS\JALAPENOCHIPS\TEOCHIPS\FERIA\JUEGO_FERIA.ASM 83 : Found opcode in column 1. (MOVLW)
Warning[203] C:\USERS\ISRACODE\DOCUMENTS\FI\2024-2\MICROS\JALAPENOCHIPS\TEOCHIPS\FERIA\JUEGO_FERIA.ASM 84 : Found opcode in column 1. (CALL)
Warning[203] C:\USERS\ISRACODE\DOCUMENTS\FI\2024-2\MICROS\JALAPENOCHIPS\TEOCHIPS\FERIA\JUEGO_FERIA.ASM 85 : Found opcode in column 1. (MOVLW)
Warning[203] C:\USERS\ISRACODE\DOCUMENTS\FI\2024-2\MICROS\JALAPENOCHIPS\TEOCHIPS\FERIA\JUEGO_FERIA.ASM 86 : Found opcode in column 1. (CALL)
Warning[203] C:\USERS\ISRACODE\DOCUMENTS\FI\2024-2\MICROS\JALAPENOCHIPS\TEOCHIPS\FERIA\JUEGO_FERIA.ASM 87 : Found opcode in column 1. (MOVLW)
Warning[203] C:\USERS\ISRACODE\DOCUMENTS\FI\2024-2\MICROS\JALAPENOCHIPS\TEOCHIPS\FERIA\JUEGO_FERIA.ASM 88 : Found opcode in column 1. (CALL)
Warning[203] C:\USERS\ISRACODE\DOCUMENTS\FI\2024-2\MICROS\JALAPENOCHIPS\TEOCHIPS\FERIA\JUEGO_FERIA.ASM 89 : Found opcode in column 1. (MOVLW)
Warning[203] C:\USERS\ISRACODE\DOCUMENTS\FI\2024-2\MICROS\JALAPENOCHIPS\TEOCHIPS\FERIA\JUEGO_FERIA.ASM 90 : Found opcode in column 1. (CALL)
Warning[203] C:\USERS\ISRACODE\DOCUMENTS\FI\2024-2\MICROS\JALAPENOCHIPS\TEOCHIPS\FERIA\JUEGO_FERIA.ASM 91 : Found opcode in column 1. (MOVLW)
Warning[203] C:\USERS\ISRACODE\DOCUMENTS\FI\2024-2\MICROS\JALAPENOCHIPS\TEOCHIPS\FERIA\JUEGO_FERIA.ASM 92 : Found opcode in column 1. (CALL)
Warning[203] C:\USERS\ISRACODE\DOCUMENTS\FI\2024-2\MICROS\JALAPENOCHIPS\TEOCHIPS\FERIA\JUEGO_FERIA.ASM 93 : Found opcode in column 1. (MOVLW)
Warning[203] C:\USERS\ISRACODE\DOCUMENTS\FI\2024-2\MICROS\JALAPENOCHIPS\TEOCHIPS\FERIA\JUEGO_FERIA.ASM 94 : Found opcode in column 1. (CALL)
Warning[203] C:\USERS\ISRACODE\DOCUMENTS\FI\2024-2\MICROS\JALAPENOCHIPS\TEOCHIPS\FERIA\JUEGO_FERIA.ASM 95 : Found opcode in column 1. (MOVLW)
Warning[203] C:\USERS\ISRACODE\DOCUMENTS\FI\2024-2\MICROS\JALAPENOCHIPS\TEOCHIPS\FERIA\JUEGO_FERIA.ASM 96 : Found opcode in column 1. (CALL)
Warning[203] C:\USERS\ISRACODE\DOCUMENTS\FI\2024-2\MICROS\JALAPENOCHIPS\TEOCHIPS\FERIA\JUEGO_FERIA.ASM 97 : Found opcode in column 1. (MOVLW)
Warning[203] C:\USERS\ISRACODE\DOCUMENTS\FI\2024-2\MICROS\JALAPENOCHIPS\TEOCHIPS\FERIA\JUEGO_FERIA.ASM 98 : Found opcode in column 1. (CALL)
Warning[203] C:\USERS\ISRACODE\DOCUMENTS\FI\2024-2\MICROS\JALAPENOCHIPS\TEOCHIPS\FERIA\JUEGO_FERIA.ASM 99 : Found opcode in column 1. (MOVLW)
Warning[203] C:\USERS\ISRACODE\DOCUMENTS\FI\2024-2\MICROS\JALAPENOCHIPS\TEOCHIPS\FERIA\JUEGO_FERIA.ASM 100 : Found opcode in column 1. (CALL)
Warning[203] C:\USERS\ISRACODE\DOCUMENTS\FI\2024-2\MICROS\JALAPENOCHIPS\TEOCHIPS\FERIA\JUEGO_FERIA.ASM 101 : Found opcode in column 1. (MOVLW)
Warning[203] C:\USERS\ISRACODE\DOCUMENTS\FI\2024-2\MICROS\JALAPENOCHIPS\TEOCHIPS\FERIA\JUEGO_FERIA.ASM 102 : Found opcode in column 1. (CALL)
Warning[203] C:\USERS\ISRACODE\DOCUMENTS\FI\2024-2\MICROS\JALAPENOCHIPS\TEOCHIPS\FERIA\JUEGO_FERIA.ASM 103 : Found opcode in column 1. (MOVLW)
Warning[203] C:\USERS\ISRACODE\DOCUMENTS\FI\2024-2\MICROS\JALAPENOCHIPS\TEOCHIPS\FERIA\JUEGO_FERIA.ASM 104 : Found opcode in column 1. (CALL)
Warning[203] C:\USERS\ISRACODE\DOCUMENTS\FI\2024-2\MICROS\JALAPENOCHIPS\TEOCHIPS\FERIA\JUEGO_FERIA.ASM 105 : Found opcode in column 1. (MOVLW)
Warning[203] C:\USERS\ISRACODE\DOCUMENTS\FI\2024-2\MICROS\JALAPENOCHIPS\TEOCHIPS\FERIA\JUEGO_FERIA.ASM 106 : Found opcode in column 1. (CALL)
Warning[203] C:\USERS\ISRACODE\DOCUMENTS\FI\2024-2\MICROS\JALAPENOCHIPS\TEOCHIPS\FERIA\JUEGO_FERIA.ASM 107 : Found opcode in column 1. (CALL)
Warning[203] C:\USERS\ISRACODE\DOCUMENTS\FI\2024-2\MICROS\JALAPENOCHIPS\TEOCHIPS\FERIA\JUEGO_FERIA.ASM 110 : Found opcode in column 1. (MOVLW)
Warning[203] C:\USERS\ISRACODE\DOCUMENTS\FI\2024-2\MICROS\JALAPENOCHIPS\TEOCHIPS\FERIA\JUEGO_FERIA.ASM 111 : Found opcode in column 1. (CALL)
Warning[203] C:\USERS\ISRACODE\DOCUMENTS\FI\2024-2\MICROS\JALAPENOCHIPS\TEOCHIPS\FERIA\JUEGO_FERIA.ASM 112 : Found opcode in column 1. (MOVLW)
Warning[203] C:\USERS\ISRACODE\DOCUMENTS\FI\2024-2\MICROS\JALAPENOCHIPS\TEOCHIPS\FERIA\JUEGO_FERIA.ASM 113 : Found opcode in column 1. (CALL)
Warning[203] C:\USERS\ISRACODE\DOCUMENTS\FI\2024-2\MICROS\JALAPENOCHIPS\TEOCHIPS\FERIA\JUEGO_FERIA.ASM 114 : Found opcode in column 1. (MOVLW)
Warning[203] C:\USERS\ISRACODE\DOCUMENTS\FI\2024-2\MICROS\JALAPENOCHIPS\TEOCHIPS\FERIA\JUEGO_FERIA.ASM 115 : Found opcode in column 1. (CALL)
Warning[203] C:\USERS\ISRACODE\DOCUMENTS\FI\2024-2\MICROS\JALAPENOCHIPS\TEOCHIPS\FERIA\JUEGO_FERIA.ASM 116 : Found opcode in column 1. (MOVLW)
Warning[203] C:\USERS\ISRACODE\DOCUMENTS\FI\2024-2\MICROS\JALAPENOCHIPS\TEOCHIPS\FERIA\JUEGO_FERIA.ASM 117 : Found opcode in column 1. (CALL)
Warning[203] C:\USERS\ISRACODE\DOCUMENTS\FI\2024-2\MICROS\JALAPENOCHIPS\TEOCHIPS\FERIA\JUEGO_FERIA.ASM 118 : Found opcode in column 1. (MOVLW)
Warning[203] C:\USERS\ISRACODE\DOCUMENTS\FI\2024-2\MICROS\JALAPENOCHIPS\TEOCHIPS\FERIA\JUEGO_FERIA.ASM 119 : Found opcode in column 1. (CALL)
Warning[203] C:\USERS\ISRACODE\DOCUMENTS\FI\2024-2\MICROS\JALAPENOCHIPS\TEOCHIPS\FERIA\JUEGO_FERIA.ASM 120 : Found opcode in column 1. (MOVLW)
Warning[203] C:\USERS\ISRACODE\DOCUMENTS\FI\2024-2\MICROS\JALAPENOCHIPS\TEOCHIPS\FERIA\JUEGO_FERIA.ASM 121 : Found opcode in column 1. (CALL)
Warning[203] C:\USERS\ISRACODE\DOCUMENTS\FI\2024-2\MICROS\JALAPENOCHIPS\TEOCHIPS\FERIA\JUEGO_FERIA.ASM 122 : Found opcode in column 1. (MOVLW)
Warning[203] C:\USERS\ISRACODE\DOCUMENTS\FI\2024-2\MICROS\JALAPENOCHIPS\TEOCHIPS\FERIA\JUEGO_FERIA.ASM 123 : Found opcode in column 1. (CALL)
Warning[203] C:\USERS\ISRACODE\DOCUMENTS\FI\2024-2\MICROS\JALAPENOCHIPS\TEOCHIPS\FERIA\JUEGO_FERIA.ASM 124 : Found opcode in column 1. (MOVLW)
Warning[203] C:\USERS\ISRACODE\DOCUMENTS\FI\2024-2\MICROS\JALAPENOCHIPS\TEOCHIPS\FERIA\JUEGO_FERIA.ASM 125 : Found opcode in column 1. (CALL)
Warning[203] C:\USERS\ISRACODE\DOCUMENTS\FI\2024-2\MICROS\JALAPENOCHIPS\TEOCHIPS\FERIA\JUEGO_FERIA.ASM 126 : Found opcode in column 1. (MOVLW)
Warning[203] C:\USERS\ISRACODE\DOCUMENTS\FI\2024-2\MICROS\JALAPENOCHIPS\TEOCHIPS\FERIA\JUEGO_FERIA.ASM 127 : Found opcode in column 1. (CALL)
Warning[203] C:\USERS\ISRACODE\DOCUMENTS\FI\2024-2\MICROS\JALAPENOCHIPS\TEOCHIPS\FERIA\JUEGO_FERIA.ASM 128 : Found opcode in column 1. (MOVLW)
Warning[203] C:\USERS\ISRACODE\DOCUMENTS\FI\2024-2\MICROS\JALAPENOCHIPS\TEOCHIPS\FERIA\JUEGO_FERIA.ASM 129 : Found opcode in column 1. (CALL)
Warning[203] C:\USERS\ISRACODE\DOCUMENTS\FI\2024-2\MICROS\JALAPENOCHIPS\TEOCHIPS\FERIA\JUEGO_FERIA.ASM 130 : Found opcode in column 1. (MOVLW)
Warning[203] C:\USERS\ISRACODE\DOCUMENTS\FI\2024-2\MICROS\JALAPENOCHIPS\TEOCHIPS\FERIA\JUEGO_FERIA.ASM 131 : Found opcode in column 1. (CALL)
Warning[203] C:\USERS\ISRACODE\DOCUMENTS\FI\2024-2\MICROS\JALAPENOCHIPS\TEOCHIPS\FERIA\JUEGO_FERIA.ASM 132 : Found opcode in column 1. (MOVLW)
Warning[203] C:\USERS\ISRACODE\DOCUMENTS\FI\2024-2\MICROS\JALAPENOCHIPS\TEOCHIPS\FERIA\JUEGO_FERIA.ASM 133 : Found opcode in column 1. (CALL)
Warning[203] C:\USERS\ISRACODE\DOCUMENTS\FI\2024-2\MICROS\JALAPENOCHIPS\TEOCHIPS\FERIA\JUEGO_FERIA.ASM 134 : Found opcode in column 1. (MOVLW)
Warning[203] C:\USERS\ISRACODE\DOCUMENTS\FI\2024-2\MICROS\JALAPENOCHIPS\TEOCHIPS\FERIA\JUEGO_FERIA.ASM 135 : Found opcode in column 1. (CALL)
Warning[203] C:\USERS\ISRACODE\DOCUMENTS\FI\2024-2\MICROS\JALAPENOCHIPS\TEOCHIPS\FERIA\JUEGO_FERIA.ASM 136 : Found opcode in column 1. (MOVLW)
Warning[203] C:\USERS\ISRACODE\DOCUMENTS\FI\2024-2\MICROS\JALAPENOCHIPS\TEOCHIPS\FERIA\JUEGO_FERIA.ASM 137 : Found opcode in column 1. (CALL)
Warning[203] C:\USERS\ISRACODE\DOCUMENTS\FI\2024-2\MICROS\JALAPENOCHIPS\TEOCHIPS\FERIA\JUEGO_FERIA.ASM 138 : Found opcode in column 1. (MOVLW)
Warning[203] C:\USERS\ISRACODE\DOCUMENTS\FI\2024-2\MICROS\JALAPENOCHIPS\TEOCHIPS\FERIA\JUEGO_FERIA.ASM 139 : Found opcode in column 1. (CALL)
Warning[203] C:\USERS\ISRACODE\DOCUMENTS\FI\2024-2\MICROS\JALAPENOCHIPS\TEOCHIPS\FERIA\JUEGO_FERIA.ASM 140 : Found opcode in column 1. (MOVLW)
Warning[203] C:\USERS\ISRACODE\DOCUMENTS\FI\2024-2\MICROS\JALAPENOCHIPS\TEOCHIPS\FERIA\JUEGO_FERIA.ASM 141 : Found opcode in column 1. (CALL)
Warning[203] C:\USERS\ISRACODE\DOCUMENTS\FI\2024-2\MICROS\JALAPENOCHIPS\TEOCHIPS\FERIA\JUEGO_FERIA.ASM 142 : Found opcode in column 1. (MOVLW)
Warning[203] C:\USERS\ISRACODE\DOCUMENTS\FI\2024-2\MICROS\JALAPENOCHIPS\TEOCHIPS\FERIA\JUEGO_FERIA.ASM 143 : Found opcode in column 1. (CALL)
Warning[203] C:\USERS\ISRACODE\DOCUMENTS\FI\2024-2\MICROS\JALAPENOCHIPS\TEOCHIPS\FERIA\JUEGO_FERIA.ASM 144 : Found opcode in column 1. (MOVLW)
Warning[203] C:\USERS\ISRACODE\DOCUMENTS\FI\2024-2\MICROS\JALAPENOCHIPS\TEOCHIPS\FERIA\JUEGO_FERIA.ASM 145 : Found opcode in column 1. (CALL)
Warning[203] C:\USERS\ISRACODE\DOCUMENTS\FI\2024-2\MICROS\JALAPENOCHIPS\TEOCHIPS\FERIA\JUEGO_FERIA.ASM 146 : Found opcode in column 1. (MOVLW)
Warning[203] C:\USERS\ISRACODE\DOCUMENTS\FI\2024-2\MICROS\JALAPENOCHIPS\TEOCHIPS\FERIA\JUEGO_FERIA.ASM 147 : Found opcode in column 1. (CALL)
Warning[203] C:\USERS\ISRACODE\DOCUMENTS\FI\2024-2\MICROS\JALAPENOCHIPS\TEOCHIPS\FERIA\JUEGO_FERIA.ASM 148 : Found opcode in column 1. (CALL)
Warning[203] C:\USERS\ISRACODE\DOCUMENTS\FI\2024-2\MICROS\JALAPENOCHIPS\TEOCHIPS\FERIA\JUEGO_FERIA.ASM 151 : Found opcode in column 1. (MOVLW)
Warning[203] C:\USERS\ISRACODE\DOCUMENTS\FI\2024-2\MICROS\JALAPENOCHIPS\TEOCHIPS\FERIA\JUEGO_FERIA.ASM 152 : Found opcode in column 1. (CALL)
Warning[203] C:\USERS\ISRACODE\DOCUMENTS\FI\2024-2\MICROS\JALAPENOCHIPS\TEOCHIPS\FERIA\JUEGO_FERIA.ASM 153 : Found opcode in column 1. (MOVLW)
Warning[203] C:\USERS\ISRACODE\DOCUMENTS\FI\2024-2\MICROS\JALAPENOCHIPS\TEOCHIPS\FERIA\JUEGO_FERIA.ASM 154 : Found opcode in column 1. (CALL)
Warning[203] C:\USERS\ISRACODE\DOCUMENTS\FI\2024-2\MICROS\JALAPENOCHIPS\TEOCHIPS\FERIA\JUEGO_FERIA.ASM 155 : Found opcode in column 1. (MOVLW)
Warning[203] C:\USERS\ISRACODE\DOCUMENTS\FI\2024-2\MICROS\JALAPENOCHIPS\TEOCHIPS\FERIA\JUEGO_FERIA.ASM 156 : Found opcode in column 1. (CALL)
Warning[203] C:\USERS\ISRACODE\DOCUMENTS\FI\2024-2\MICROS\JALAPENOCHIPS\TEOCHIPS\FERIA\JUEGO_FERIA.ASM 157 : Found opcode in column 1. (MOVLW)
Warning[203] C:\USERS\ISRACODE\DOCUMENTS\FI\2024-2\MICROS\JALAPENOCHIPS\TEOCHIPS\FERIA\JUEGO_FERIA.ASM 158 : Found opcode in column 1. (CALL)
Warning[203] C:\USERS\ISRACODE\DOCUMENTS\FI\2024-2\MICROS\JALAPENOCHIPS\TEOCHIPS\FERIA\JUEGO_FERIA.ASM 159 : Found opcode in column 1. (MOVLW)
Warning[203] C:\USERS\ISRACODE\DOCUMENTS\FI\2024-2\MICROS\JALAPENOCHIPS\TEOCHIPS\FERIA\JUEGO_FERIA.ASM 160 : Found opcode in column 1. (CALL)
Warning[203] C:\USERS\ISRACODE\DOCUMENTS\FI\2024-2\MICROS\JALAPENOCHIPS\TEOCHIPS\FERIA\JUEGO_FERIA.ASM 161 : Found opcode in column 1. (MOVLW)
Warning[203] C:\USERS\ISRACODE\DOCUMENTS\FI\2024-2\MICROS\JALAPENOCHIPS\TEOCHIPS\FERIA\JUEGO_FERIA.ASM 162 : Found opcode in column 1. (CALL)
Warning[203] C:\USERS\ISRACODE\DOCUMENTS\FI\2024-2\MICROS\JALAPENOCHIPS\TEOCHIPS\FERIA\JUEGO_FERIA.ASM 163 : Found opcode in column 1. (MOVLW)
Warning[203] C:\USERS\ISRACODE\DOCUMENTS\FI\2024-2\MICROS\JALAPENOCHIPS\TEOCHIPS\FERIA\JUEGO_FERIA.ASM 164 : Found opcode in column 1. (CALL)
Warning[203] C:\USERS\ISRACODE\DOCUMENTS\FI\2024-2\MICROS\JALAPENOCHIPS\TEOCHIPS\FERIA\JUEGO_FERIA.ASM 165 : Found opcode in column 1. (MOVLW)
Warning[203] C:\USERS\ISRACODE\DOCUMENTS\FI\2024-2\MICROS\JALAPENOCHIPS\TEOCHIPS\FERIA\JUEGO_FERIA.ASM 166 : Found opcode in column 1. (CALL)
Warning[203] C:\USERS\ISRACODE\DOCUMENTS\FI\2024-2\MICROS\JALAPENOCHIPS\TEOCHIPS\FERIA\JUEGO_FERIA.ASM 167 : Found opcode in column 1. (MOVLW)
Warning[203] C:\USERS\ISRACODE\DOCUMENTS\FI\2024-2\MICROS\JALAPENOCHIPS\TEOCHIPS\FERIA\JUEGO_FERIA.ASM 168 : Found opcode in column 1. (CALL)
Warning[203] C:\USERS\ISRACODE\DOCUMENTS\FI\2024-2\MICROS\JALAPENOCHIPS\TEOCHIPS\FERIA\JUEGO_FERIA.ASM 169 : Found opcode in column 1. (MOVLW)
Warning[203] C:\USERS\ISRACODE\DOCUMENTS\FI\2024-2\MICROS\JALAPENOCHIPS\TEOCHIPS\FERIA\JUEGO_FERIA.ASM 170 : Found opcode in column 1. (CALL)
Warning[203] C:\USERS\ISRACODE\DOCUMENTS\FI\2024-2\MICROS\JALAPENOCHIPS\TEOCHIPS\FERIA\JUEGO_FERIA.ASM 171 : Found opcode in column 1. (MOVLW)
Warning[203] C:\USERS\ISRACODE\DOCUMENTS\FI\2024-2\MICROS\JALAPENOCHIPS\TEOCHIPS\FERIA\JUEGO_FERIA.ASM 172 : Found opcode in column 1. (CALL)
Warning[203] C:\USERS\ISRACODE\DOCUMENTS\FI\2024-2\MICROS\JALAPENOCHIPS\TEOCHIPS\FERIA\JUEGO_FERIA.ASM 173 : Found opcode in column 1. (MOVLW)
Warning[203] C:\USERS\ISRACODE\DOCUMENTS\FI\2024-2\MICROS\JALAPENOCHIPS\TEOCHIPS\FERIA\JUEGO_FERIA.ASM 174 : Found opcode in column 1. (CALL)
Warning[203] C:\USERS\ISRACODE\DOCUMENTS\FI\2024-2\MICROS\JALAPENOCHIPS\TEOCHIPS\FERIA\JUEGO_FERIA.ASM 175 : Found opcode in column 1. (MOVLW)
Warning[203] C:\USERS\ISRACODE\DOCUMENTS\FI\2024-2\MICROS\JALAPENOCHIPS\TEOCHIPS\FERIA\JUEGO_FERIA.ASM 176 : Found opcode in column 1. (CALL)
Warning[203] C:\USERS\ISRACODE\DOCUMENTS\FI\2024-2\MICROS\JALAPENOCHIPS\TEOCHIPS\FERIA\JUEGO_FERIA.ASM 177 : Found opcode in column 1. (MOVLW)
Warning[203] C:\USERS\ISRACODE\DOCUMENTS\FI\2024-2\MICROS\JALAPENOCHIPS\TEOCHIPS\FERIA\JUEGO_FERIA.ASM 178 : Found opcode in column 1. (CALL)
Warning[203] C:\USERS\ISRACODE\DOCUMENTS\FI\2024-2\MICROS\JALAPENOCHIPS\TEOCHIPS\FERIA\JUEGO_FERIA.ASM 179 : Found opcode in column 1. (MOVLW)
Warning[203] C:\USERS\ISRACODE\DOCUMENTS\FI\2024-2\MICROS\JALAPENOCHIPS\TEOCHIPS\FERIA\JUEGO_FERIA.ASM 180 : Found opcode in column 1. (CALL)
Warning[203] C:\USERS\ISRACODE\DOCUMENTS\FI\2024-2\MICROS\JALAPENOCHIPS\TEOCHIPS\FERIA\JUEGO_FERIA.ASM 181 : Found opcode in column 1. (MOVLW)
Warning[203] C:\USERS\ISRACODE\DOCUMENTS\FI\2024-2\MICROS\JALAPENOCHIPS\TEOCHIPS\FERIA\JUEGO_FERIA.ASM 182 : Found opcode in column 1. (CALL)
Warning[203] C:\USERS\ISRACODE\DOCUMENTS\FI\2024-2\MICROS\JALAPENOCHIPS\TEOCHIPS\FERIA\JUEGO_FERIA.ASM 183 : Found opcode in column 1. (CALL)
Warning[203] C:\USERS\ISRACODE\DOCUMENTS\FI\2024-2\MICROS\JALAPENOCHIPS\TEOCHIPS\FERIA\JUEGO_FERIA.ASM 186 : Found opcode in column 1. (MOVLW)
Warning[203] C:\USERS\ISRACODE\DOCUMENTS\FI\2024-2\MICROS\JALAPENOCHIPS\TEOCHIPS\FERIA\JUEGO_FERIA.ASM 187 : Found opcode in column 1. (CALL)
Warning[203] C:\USERS\ISRACODE\DOCUMENTS\FI\2024-2\MICROS\JALAPENOCHIPS\TEOCHIPS\FERIA\JUEGO_FERIA.ASM 188 : Found opcode in column 1. (MOVLW)
Warning[203] C:\USERS\ISRACODE\DOCUMENTS\FI\2024-2\MICROS\JALAPENOCHIPS\TEOCHIPS\FERIA\JUEGO_FERIA.ASM 189 : Found opcode in column 1. (CALL)
Warning[203] C:\USERS\ISRACODE\DOCUMENTS\FI\2024-2\MICROS\JALAPENOCHIPS\TEOCHIPS\FERIA\JUEGO_FERIA.ASM 190 : Found opcode in column 1. (MOVLW)
Warning[203] C:\USERS\ISRACODE\DOCUMENTS\FI\2024-2\MICROS\JALAPENOCHIPS\TEOCHIPS\FERIA\JUEGO_FERIA.ASM 191 : Found opcode in column 1. (CALL)
Warning[203] C:\USERS\ISRACODE\DOCUMENTS\FI\2024-2\MICROS\JALAPENOCHIPS\TEOCHIPS\FERIA\JUEGO_FERIA.ASM 192 : Found opcode in column 1. (MOVLW)
Warning[203] C:\USERS\ISRACODE\DOCUMENTS\FI\2024-2\MICROS\JALAPENOCHIPS\TEOCHIPS\FERIA\JUEGO_FERIA.ASM 193 : Found opcode in column 1. (CALL)
Warning[203] C:\USERS\ISRACODE\DOCUMENTS\FI\2024-2\MICROS\JALAPENOCHIPS\TEOCHIPS\FERIA\JUEGO_FERIA.ASM 194 : Found opcode in column 1. (MOVLW)
Warning[203] C:\USERS\ISRACODE\DOCUMENTS\FI\2024-2\MICROS\JALAPENOCHIPS\TEOCHIPS\FERIA\JUEGO_FERIA.ASM 195 : Found opcode in column 1. (CALL)
Warning[203] C:\USERS\ISRACODE\DOCUMENTS\FI\2024-2\MICROS\JALAPENOCHIPS\TEOCHIPS\FERIA\JUEGO_FERIA.ASM 196 : Found opcode in column 1. (MOVLW)
Warning[203] C:\USERS\ISRACODE\DOCUMENTS\FI\2024-2\MICROS\JALAPENOCHIPS\TEOCHIPS\FERIA\JUEGO_FERIA.ASM 197 : Found opcode in column 1. (CALL)
Warning[203] C:\USERS\ISRACODE\DOCUMENTS\FI\2024-2\MICROS\JALAPENOCHIPS\TEOCHIPS\FERIA\JUEGO_FERIA.ASM 198 : Found opcode in column 1. (MOVLW)
Warning[203] C:\USERS\ISRACODE\DOCUMENTS\FI\2024-2\MICROS\JALAPENOCHIPS\TEOCHIPS\FERIA\JUEGO_FERIA.ASM 199 : Found opcode in column 1. (CALL)
Warning[203] C:\USERS\ISRACODE\DOCUMENTS\FI\2024-2\MICROS\JALAPENOCHIPS\TEOCHIPS\FERIA\JUEGO_FERIA.ASM 200 : Found opcode in column 1. (MOVLW)
Warning[203] C:\USERS\ISRACODE\DOCUMENTS\FI\2024-2\MICROS\JALAPENOCHIPS\TEOCHIPS\FERIA\JUEGO_FERIA.ASM 201 : Found opcode in column 1. (CALL)
Warning[203] C:\USERS\ISRACODE\DOCUMENTS\FI\2024-2\MICROS\JALAPENOCHIPS\TEOCHIPS\FERIA\JUEGO_FERIA.ASM 202 : Found opcode in column 1. (MOVLW)
Warning[203] C:\USERS\ISRACODE\DOCUMENTS\FI\2024-2\MICROS\JALAPENOCHIPS\TEOCHIPS\FERIA\JUEGO_FERIA.ASM 203 : Found opcode in column 1. (CALL)
Warning[203] C:\USERS\ISRACODE\DOCUMENTS\FI\2024-2\MICROS\JALAPENOCHIPS\TEOCHIPS\FERIA\JUEGO_FERIA.ASM 204 : Found opcode in column 1. (MOVLW)
Warning[203] C:\USERS\ISRACODE\DOCUMENTS\FI\2024-2\MICROS\JALAPENOCHIPS\TEOCHIPS\FERIA\JUEGO_FERIA.ASM 205 : Found opcode in column 1. (CALL)
Warning[203] C:\USERS\ISRACODE\DOCUMENTS\FI\2024-2\MICROS\JALAPENOCHIPS\TEOCHIPS\FERIA\JUEGO_FERIA.ASM 206 : Found opcode in column 1. (MOVLW)
Warning[203] C:\USERS\ISRACODE\DOCUMENTS\FI\2024-2\MICROS\JALAPENOCHIPS\TEOCHIPS\FERIA\JUEGO_FERIA.ASM 207 : Found opcode in column 1. (CALL)
Warning[203] C:\USERS\ISRACODE\DOCUMENTS\FI\2024-2\MICROS\JALAPENOCHIPS\TEOCHIPS\FERIA\JUEGO_FERIA.ASM 208 : Found opcode in column 1. (MOVLW)
Warning[203] C:\USERS\ISRACODE\DOCUMENTS\FI\2024-2\MICROS\JALAPENOCHIPS\TEOCHIPS\FERIA\JUEGO_FERIA.ASM 209 : Found opcode in column 1. (CALL)
Warning[203] C:\USERS\ISRACODE\DOCUMENTS\FI\2024-2\MICROS\JALAPENOCHIPS\TEOCHIPS\FERIA\JUEGO_FERIA.ASM 210 : Found opcode in column 1. (MOVLW)
Warning[203] C:\USERS\ISRACODE\DOCUMENTS\FI\2024-2\MICROS\JALAPENOCHIPS\TEOCHIPS\FERIA\JUEGO_FERIA.ASM 211 : Found opcode in column 1. (CALL)
Warning[203] C:\USERS\ISRACODE\DOCUMENTS\FI\2024-2\MICROS\JALAPENOCHIPS\TEOCHIPS\FERIA\JUEGO_FERIA.ASM 213 : Found opcode in column 1. (movf)
Warning[203] C:\USERS\ISRACODE\DOCUMENTS\FI\2024-2\MICROS\JALAPENOCHIPS\TEOCHIPS\FERIA\JUEGO_FERIA.ASM 214 : Found opcode in column 1. (movwf)
Warning[203] C:\USERS\ISRACODE\DOCUMENTS\FI\2024-2\MICROS\JALAPENOCHIPS\TEOCHIPS\FERIA\JUEGO_FERIA.ASM 215 : Found opcode in column 1. (addlw)
Warning[203] C:\USERS\ISRACODE\DOCUMENTS\FI\2024-2\MICROS\JALAPENOCHIPS\TEOCHIPS\FERIA\JUEGO_FERIA.ASM 216 : Found opcode in column 1. (CALL)
Warning[203] C:\USERS\ISRACODE\DOCUMENTS\FI\2024-2\MICROS\JALAPENOCHIPS\TEOCHIPS\FERIA\JUEGO_FERIA.ASM 217 : Found opcode in column 1. (CALL)
Warning[203] C:\USERS\ISRACODE\DOCUMENTS\FI\2024-2\MICROS\JALAPENOCHIPS\TEOCHIPS\FERIA\JUEGO_FERIA.ASM 222 : Found opcode in column 1. (movf)
Warning[203] C:\USERS\ISRACODE\DOCUMENTS\FI\2024-2\MICROS\JALAPENOCHIPS\TEOCHIPS\FERIA\JUEGO_FERIA.ASM 223 : Found opcode in column 1. (sublw)
Warning[203] C:\USERS\ISRACODE\DOCUMENTS\FI\2024-2\MICROS\JALAPENOCHIPS\TEOCHIPS\FERIA\JUEGO_FERIA.ASM 225 : Found opcode in column 1. (btfsc)
Warning[203] C:\USERS\ISRACODE\DOCUMENTS\FI\2024-2\MICROS\JALAPENOCHIPS\TEOCHIPS\FERIA\JUEGO_FERIA.ASM 226 : Found opcode in column 1. (goto)
Warning[203] C:\USERS\ISRACODE\DOCUMENTS\FI\2024-2\MICROS\JALAPENOCHIPS\TEOCHIPS\FERIA\JUEGO_FERIA.ASM 230 : Found opcode in column 1. (clrf)
Warning[203] C:\USERS\ISRACODE\DOCUMENTS\FI\2024-2\MICROS\JALAPENOCHIPS\TEOCHIPS\FERIA\JUEGO_FERIA.ASM 232 : Found opcode in column 1. (movlw)
Warning[203] C:\USERS\ISRACODE\DOCUMENTS\FI\2024-2\MICROS\JALAPENOCHIPS\TEOCHIPS\FERIA\JUEGO_FERIA.ASM 233 : Found opcode in column 1. (movwf)
Warning[203] C:\USERS\ISRACODE\DOCUMENTS\FI\2024-2\MICROS\JALAPENOCHIPS\TEOCHIPS\FERIA\JUEGO_FERIA.ASM 235 : Found opcode in column 1. (bcf)
Warning[203] C:\USERS\ISRACODE\DOCUMENTS\FI\2024-2\MICROS\JALAPENOCHIPS\TEOCHIPS\FERIA\JUEGO_FERIA.ASM 241 : Found opcode in column 1. (clrf)
Warning[203] C:\USERS\ISRACODE\DOCUMENTS\FI\2024-2\MICROS\JALAPENOCHIPS\TEOCHIPS\FERIA\JUEGO_FERIA.ASM 243 : Found opcode in column 1. (incf)
Message[305] C:\USERS\ISRACODE\DOCUMENTS\FI\2024-2\MICROS\JALAPENOCHIPS\TEOCHIPS\FERIA\JUEGO_FERIA.ASM 243 : Using default destination of 1 (file).
Warning[203] C:\USERS\ISRACODE\DOCUMENTS\FI\2024-2\MICROS\JALAPENOCHIPS\TEOCHIPS\FERIA\JUEGO_FERIA.ASM 244 : Found opcode in column 1. (incf)
Message[305] C:\USERS\ISRACODE\DOCUMENTS\FI\2024-2\MICROS\JALAPENOCHIPS\TEOCHIPS\FERIA\JUEGO_FERIA.ASM 244 : Using default destination of 1 (file).
Warning[203] C:\USERS\ISRACODE\DOCUMENTS\FI\2024-2\MICROS\JALAPENOCHIPS\TEOCHIPS\FERIA\JUEGO_FERIA.ASM 246 : Found opcode in column 1. (movf)
Warning[203] C:\USERS\ISRACODE\DOCUMENTS\FI\2024-2\MICROS\JALAPENOCHIPS\TEOCHIPS\FERIA\JUEGO_FERIA.ASM 247 : Found opcode in column 1. (movwf)
Warning[203] C:\USERS\ISRACODE\DOCUMENTS\FI\2024-2\MICROS\JALAPENOCHIPS\TEOCHIPS\FERIA\JUEGO_FERIA.ASM 250 : Found opcode in column 1. (MOVLW)
Warning[203] C:\USERS\ISRACODE\DOCUMENTS\FI\2024-2\MICROS\JALAPENOCHIPS\TEOCHIPS\FERIA\JUEGO_FERIA.ASM 251 : Found opcode in column 1. (CALL)
Warning[203] C:\USERS\ISRACODE\DOCUMENTS\FI\2024-2\MICROS\JALAPENOCHIPS\TEOCHIPS\FERIA\JUEGO_FERIA.ASM 252 : Found opcode in column 1. (MOVLW)
Warning[203] C:\USERS\ISRACODE\DOCUMENTS\FI\2024-2\MICROS\JALAPENOCHIPS\TEOCHIPS\FERIA\JUEGO_FERIA.ASM 253 : Found opcode in column 1. (CALL)
Warning[203] C:\USERS\ISRACODE\DOCUMENTS\FI\2024-2\MICROS\JALAPENOCHIPS\TEOCHIPS\FERIA\JUEGO_FERIA.ASM 254 : Found opcode in column 1. (MOVLW)
Warning[203] C:\USERS\ISRACODE\DOCUMENTS\FI\2024-2\MICROS\JALAPENOCHIPS\TEOCHIPS\FERIA\JUEGO_FERIA.ASM 255 : Found opcode in column 1. (CALL)
Warning[203] C:\USERS\ISRACODE\DOCUMENTS\FI\2024-2\MICROS\JALAPENOCHIPS\TEOCHIPS\FERIA\JUEGO_FERIA.ASM 256 : Found opcode in column 1. (MOVLW)
Warning[203] C:\USERS\ISRACODE\DOCUMENTS\FI\2024-2\MICROS\JALAPENOCHIPS\TEOCHIPS\FERIA\JUEGO_FERIA.ASM 257 : Found opcode in column 1. (CALL)
Warning[203] C:\USERS\ISRACODE\DOCUMENTS\FI\2024-2\MICROS\JALAPENOCHIPS\TEOCHIPS\FERIA\JUEGO_FERIA.ASM 262 : Found opcode in column 1. (movf)
Warning[203] C:\USERS\ISRACODE\DOCUMENTS\FI\2024-2\MICROS\JALAPENOCHIPS\TEOCHIPS\FERIA\JUEGO_FERIA.ASM 263 : Found opcode in column 1. (addlw)
Warning[203] C:\USERS\ISRACODE\DOCUMENTS\FI\2024-2\MICROS\JALAPENOCHIPS\TEOCHIPS\FERIA\JUEGO_FERIA.ASM 264 : Found opcode in column 1. (call)
Warning[203] C:\USERS\ISRACODE\DOCUMENTS\FI\2024-2\MICROS\JALAPENOCHIPS\TEOCHIPS\FERIA\JUEGO_FERIA.ASM 267 : Found opcode in column 1. (MOVLW)
Warning[203] C:\USERS\ISRACODE\DOCUMENTS\FI\2024-2\MICROS\JALAPENOCHIPS\TEOCHIPS\FERIA\JUEGO_FERIA.ASM 268 : Found opcode in column 1. (CALL)
Warning[203] C:\USERS\ISRACODE\DOCUMENTS\FI\2024-2\MICROS\JALAPENOCHIPS\TEOCHIPS\FERIA\JUEGO_FERIA.ASM 269 : Found opcode in column 1. (MOVLW)
Warning[203] C:\USERS\ISRACODE\DOCUMENTS\FI\2024-2\MICROS\JALAPENOCHIPS\TEOCHIPS\FERIA\JUEGO_FERIA.ASM 270 : Found opcode in column 1. (CALL)
Warning[203] C:\USERS\ISRACODE\DOCUMENTS\FI\2024-2\MICROS\JALAPENOCHIPS\TEOCHIPS\FERIA\JUEGO_FERIA.ASM 272 : Found opcode in column 1. (call)
Warning[203] C:\USERS\ISRACODE\DOCUMENTS\FI\2024-2\MICROS\JALAPENOCHIPS\TEOCHIPS\FERIA\JUEGO_FERIA.ASM 274 : Found opcode in column 1. (btfsc)
Warning[203] C:\USERS\ISRACODE\DOCUMENTS\FI\2024-2\MICROS\JALAPENOCHIPS\TEOCHIPS\FERIA\JUEGO_FERIA.ASM 275 : Found opcode in column 1. (goto)
Warning[203] C:\USERS\ISRACODE\DOCUMENTS\FI\2024-2\MICROS\JALAPENOCHIPS\TEOCHIPS\FERIA\JUEGO_FERIA.ASM 278 : Found opcode in column 1. (btfsc)
Warning[203] C:\USERS\ISRACODE\DOCUMENTS\FI\2024-2\MICROS\JALAPENOCHIPS\TEOCHIPS\FERIA\JUEGO_FERIA.ASM 279 : Found opcode in column 1. (goto)
Warning[203] C:\USERS\ISRACODE\DOCUMENTS\FI\2024-2\MICROS\JALAPENOCHIPS\TEOCHIPS\FERIA\JUEGO_FERIA.ASM 282 : Found opcode in column 1. (bcf)
Warning[203] C:\USERS\ISRACODE\DOCUMENTS\FI\2024-2\MICROS\JALAPENOCHIPS\TEOCHIPS\FERIA\JUEGO_FERIA.ASM 285 : Found opcode in column 1. (goto)
Warning[203] C:\USERS\ISRACODE\DOCUMENTS\FI\2024-2\MICROS\JALAPENOCHIPS\TEOCHIPS\FERIA\JUEGO_FERIA.ASM 289 : Found opcode in column 1. (bsf)
Warning[203] C:\USERS\ISRACODE\DOCUMENTS\FI\2024-2\MICROS\JALAPENOCHIPS\TEOCHIPS\FERIA\JUEGO_FERIA.ASM 290 : Found opcode in column 1. (incf)
Message[305] C:\USERS\ISRACODE\DOCUMENTS\FI\2024-2\MICROS\JALAPENOCHIPS\TEOCHIPS\FERIA\JUEGO_FERIA.ASM 290 : Using default destination of 1 (file).
Warning[203] C:\USERS\ISRACODE\DOCUMENTS\FI\2024-2\MICROS\JALAPENOCHIPS\TEOCHIPS\FERIA\JUEGO_FERIA.ASM 292 : Found opcode in column 1. (MOVLW)
Warning[203] C:\USERS\ISRACODE\DOCUMENTS\FI\2024-2\MICROS\JALAPENOCHIPS\TEOCHIPS\FERIA\JUEGO_FERIA.ASM 293 : Found opcode in column 1. (CALL)
Warning[203] C:\USERS\ISRACODE\DOCUMENTS\FI\2024-2\MICROS\JALAPENOCHIPS\TEOCHIPS\FERIA\JUEGO_FERIA.ASM 294 : Found opcode in column 1. (MOVLW)
Warning[203] C:\USERS\ISRACODE\DOCUMENTS\FI\2024-2\MICROS\JALAPENOCHIPS\TEOCHIPS\FERIA\JUEGO_FERIA.ASM 295 : Found opcode in column 1. (CALL)
Warning[203] C:\USERS\ISRACODE\DOCUMENTS\FI\2024-2\MICROS\JALAPENOCHIPS\TEOCHIPS\FERIA\JUEGO_FERIA.ASM 296 : Found opcode in column 1. (MOVLW)
Warning[203] C:\USERS\ISRACODE\DOCUMENTS\FI\2024-2\MICROS\JALAPENOCHIPS\TEOCHIPS\FERIA\JUEGO_FERIA.ASM 297 : Found opcode in column 1. (CALL)
Warning[203] C:\USERS\ISRACODE\DOCUMENTS\FI\2024-2\MICROS\JALAPENOCHIPS\TEOCHIPS\FERIA\JUEGO_FERIA.ASM 298 : Found opcode in column 1. (MOVLW)
Warning[203] C:\USERS\ISRACODE\DOCUMENTS\FI\2024-2\MICROS\JALAPENOCHIPS\TEOCHIPS\FERIA\JUEGO_FERIA.ASM 299 : Found opcode in column 1. (CALL)
Warning[203] C:\USERS\ISRACODE\DOCUMENTS\FI\2024-2\MICROS\JALAPENOCHIPS\TEOCHIPS\FERIA\JUEGO_FERIA.ASM 301 : Found opcode in column 1. (movf)
Warning[203] C:\USERS\ISRACODE\DOCUMENTS\FI\2024-2\MICROS\JALAPENOCHIPS\TEOCHIPS\FERIA\JUEGO_FERIA.ASM 302 : Found opcode in column 1. (addlw)
Warning[203] C:\USERS\ISRACODE\DOCUMENTS\FI\2024-2\MICROS\JALAPENOCHIPS\TEOCHIPS\FERIA\JUEGO_FERIA.ASM 303 : Found opcode in column 1. (call)
Warning[203] C:\USERS\ISRACODE\DOCUMENTS\FI\2024-2\MICROS\JALAPENOCHIPS\TEOCHIPS\FERIA\JUEGO_FERIA.ASM 305 : Found opcode in column 1. (MOVLW)
Warning[203] C:\USERS\ISRACODE\DOCUMENTS\FI\2024-2\MICROS\JALAPENOCHIPS\TEOCHIPS\FERIA\JUEGO_FERIA.ASM 306 : Found opcode in column 1. (CALL)
Warning[203] C:\USERS\ISRACODE\DOCUMENTS\FI\2024-2\MICROS\JALAPENOCHIPS\TEOCHIPS\FERIA\JUEGO_FERIA.ASM 307 : Found opcode in column 1. (MOVLW)
Warning[203] C:\USERS\ISRACODE\DOCUMENTS\FI\2024-2\MICROS\JALAPENOCHIPS\TEOCHIPS\FERIA\JUEGO_FERIA.ASM 308 : Found opcode in column 1. (CALL)
Warning[203] C:\USERS\ISRACODE\DOCUMENTS\FI\2024-2\MICROS\JALAPENOCHIPS\TEOCHIPS\FERIA\JUEGO_FERIA.ASM 310 : Found opcode in column 1. (call)
Warning[203] C:\USERS\ISRACODE\DOCUMENTS\FI\2024-2\MICROS\JALAPENOCHIPS\TEOCHIPS\FERIA\JUEGO_FERIA.ASM 312 : Found opcode in column 1. (call)
Warning[203] C:\USERS\ISRACODE\DOCUMENTS\FI\2024-2\MICROS\JALAPENOCHIPS\TEOCHIPS\FERIA\JUEGO_FERIA.ASM 313 : Found opcode in column 1. (call)
Warning[203] C:\USERS\ISRACODE\DOCUMENTS\FI\2024-2\MICROS\JALAPENOCHIPS\TEOCHIPS\FERIA\JUEGO_FERIA.ASM 315 : Found opcode in column 1. (goto)
Warning[203] C:\USERS\ISRACODE\DOCUMENTS\FI\2024-2\MICROS\JALAPENOCHIPS\TEOCHIPS\FERIA\JUEGO_FERIA.ASM 319 : Found opcode in column 1. (movf)
Warning[203] C:\USERS\ISRACODE\DOCUMENTS\FI\2024-2\MICROS\JALAPENOCHIPS\TEOCHIPS\FERIA\JUEGO_FERIA.ASM 320 : Found opcode in column 1. (movwf)
Warning[203] C:\USERS\ISRACODE\DOCUMENTS\FI\2024-2\MICROS\JALAPENOCHIPS\TEOCHIPS\FERIA\JUEGO_FERIA.ASM 322 : Found opcode in column 1. (MOVLW)
Warning[203] C:\USERS\ISRACODE\DOCUMENTS\FI\2024-2\MICROS\JALAPENOCHIPS\TEOCHIPS\FERIA\JUEGO_FERIA.ASM 323 : Found opcode in column 1. (CALL)
Warning[203] C:\USERS\ISRACODE\DOCUMENTS\FI\2024-2\MICROS\JALAPENOCHIPS\TEOCHIPS\FERIA\JUEGO_FERIA.ASM 324 : Found opcode in column 1. (MOVLW)
Warning[203] C:\USERS\ISRACODE\DOCUMENTS\FI\2024-2\MICROS\JALAPENOCHIPS\TEOCHIPS\FERIA\JUEGO_FERIA.ASM 325 : Found opcode in column 1. (CALL)
Warning[203] C:\USERS\ISRACODE\DOCUMENTS\FI\2024-2\MICROS\JALAPENOCHIPS\TEOCHIPS\FERIA\JUEGO_FERIA.ASM 326 : Found opcode in column 1. (MOVLW)
Warning[203] C:\USERS\ISRACODE\DOCUMENTS\FI\2024-2\MICROS\JALAPENOCHIPS\TEOCHIPS\FERIA\JUEGO_FERIA.ASM 327 : Found opcode in column 1. (CALL)
Warning[203] C:\USERS\ISRACODE\DOCUMENTS\FI\2024-2\MICROS\JALAPENOCHIPS\TEOCHIPS\FERIA\JUEGO_FERIA.ASM 328 : Found opcode in column 1. (MOVLW)
Warning[203] C:\USERS\ISRACODE\DOCUMENTS\FI\2024-2\MICROS\JALAPENOCHIPS\TEOCHIPS\FERIA\JUEGO_FERIA.ASM 329 : Found opcode in column 1. (CALL)
Warning[203] C:\USERS\ISRACODE\DOCUMENTS\FI\2024-2\MICROS\JALAPENOCHIPS\TEOCHIPS\FERIA\JUEGO_FERIA.ASM 331 : Found opcode in column 1. (movf)
Warning[203] C:\USERS\ISRACODE\DOCUMENTS\FI\2024-2\MICROS\JALAPENOCHIPS\TEOCHIPS\FERIA\JUEGO_FERIA.ASM 332 : Found opcode in column 1. (addlw)
Warning[203] C:\USERS\ISRACODE\DOCUMENTS\FI\2024-2\MICROS\JALAPENOCHIPS\TEOCHIPS\FERIA\JUEGO_FERIA.ASM 333 : Found opcode in column 1. (call)
Warning[203] C:\USERS\ISRACODE\DOCUMENTS\FI\2024-2\MICROS\JALAPENOCHIPS\TEOCHIPS\FERIA\JUEGO_FERIA.ASM 335 : Found opcode in column 1. (MOVLW)
Warning[203] C:\USERS\ISRACODE\DOCUMENTS\FI\2024-2\MICROS\JALAPENOCHIPS\TEOCHIPS\FERIA\JUEGO_FERIA.ASM 336 : Found opcode in column 1. (CALL)
Warning[203] C:\USERS\ISRACODE\DOCUMENTS\FI\2024-2\MICROS\JALAPENOCHIPS\TEOCHIPS\FERIA\JUEGO_FERIA.ASM 337 : Found opcode in column 1. (MOVLW)
Warning[203] C:\USERS\ISRACODE\DOCUMENTS\FI\2024-2\MICROS\JALAPENOCHIPS\TEOCHIPS\FERIA\JUEGO_FERIA.ASM 338 : Found opcode in column 1. (CALL)
Warning[203] C:\USERS\ISRACODE\DOCUMENTS\FI\2024-2\MICROS\JALAPENOCHIPS\TEOCHIPS\FERIA\JUEGO_FERIA.ASM 339 : Found opcode in column 1. (MOVLW)
Warning[203] C:\USERS\ISRACODE\DOCUMENTS\FI\2024-2\MICROS\JALAPENOCHIPS\TEOCHIPS\FERIA\JUEGO_FERIA.ASM 340 : Found opcode in column 1. (CALL)
Warning[203] C:\USERS\ISRACODE\DOCUMENTS\FI\2024-2\MICROS\JALAPENOCHIPS\TEOCHIPS\FERIA\JUEGO_FERIA.ASM 341 : Found opcode in column 1. (MOVLW)
Warning[203] C:\USERS\ISRACODE\DOCUMENTS\FI\2024-2\MICROS\JALAPENOCHIPS\TEOCHIPS\FERIA\JUEGO_FERIA.ASM 342 : Found opcode in column 1. (CALL)
Warning[203] C:\USERS\ISRACODE\DOCUMENTS\FI\2024-2\MICROS\JALAPENOCHIPS\TEOCHIPS\FERIA\JUEGO_FERIA.ASM 343 : Found opcode in column 1. (MOVLW)
Warning[203] C:\USERS\ISRACODE\DOCUMENTS\FI\2024-2\MICROS\JALAPENOCHIPS\TEOCHIPS\FERIA\JUEGO_FERIA.ASM 344 : Found opcode in column 1. (CALL)
Warning[203] C:\USERS\ISRACODE\DOCUMENTS\FI\2024-2\MICROS\JALAPENOCHIPS\TEOCHIPS\FERIA\JUEGO_FERIA.ASM 345 : Found opcode in column 1. (MOVLW)
Warning[203] C:\USERS\ISRACODE\DOCUMENTS\FI\2024-2\MICROS\JALAPENOCHIPS\TEOCHIPS\FERIA\JUEGO_FERIA.ASM 346 : Found opcode in column 1. (CALL)
Warning[203] C:\USERS\ISRACODE\DOCUMENTS\FI\2024-2\MICROS\JALAPENOCHIPS\TEOCHIPS\FERIA\JUEGO_FERIA.ASM 347 : Found opcode in column 1. (MOVLW)
Warning[203] C:\USERS\ISRACODE\DOCUMENTS\FI\2024-2\MICROS\JALAPENOCHIPS\TEOCHIPS\FERIA\JUEGO_FERIA.ASM 348 : Found opcode in column 1. (CALL)
Warning[203] C:\USERS\ISRACODE\DOCUMENTS\FI\2024-2\MICROS\JALAPENOCHIPS\TEOCHIPS\FERIA\JUEGO_FERIA.ASM 349 : Found opcode in column 1. (MOVLW)
Warning[203] C:\USERS\ISRACODE\DOCUMENTS\FI\2024-2\MICROS\JALAPENOCHIPS\TEOCHIPS\FERIA\JUEGO_FERIA.ASM 350 : Found opcode in column 1. (CALL)
Warning[203] C:\USERS\ISRACODE\DOCUMENTS\FI\2024-2\MICROS\JALAPENOCHIPS\TEOCHIPS\FERIA\JUEGO_FERIA.ASM 351 : Found opcode in column 1. (MOVLW)
Warning[203] C:\USERS\ISRACODE\DOCUMENTS\FI\2024-2\MICROS\JALAPENOCHIPS\TEOCHIPS\FERIA\JUEGO_FERIA.ASM 352 : Found opcode in column 1. (CALL)
Warning[203] C:\USERS\ISRACODE\DOCUMENTS\FI\2024-2\MICROS\JALAPENOCHIPS\TEOCHIPS\FERIA\JUEGO_FERIA.ASM 353 : Found opcode in column 1. (MOVLW)
Warning[203] C:\USERS\ISRACODE\DOCUMENTS\FI\2024-2\MICROS\JALAPENOCHIPS\TEOCHIPS\FERIA\JUEGO_FERIA.ASM 354 : Found opcode in column 1. (CALL)
Warning[203] C:\USERS\ISRACODE\DOCUMENTS\FI\2024-2\MICROS\JALAPENOCHIPS\TEOCHIPS\FERIA\JUEGO_FERIA.ASM 356 : Found opcode in column 1. (call)
Warning[203] C:\USERS\ISRACODE\DOCUMENTS\FI\2024-2\MICROS\JALAPENOCHIPS\TEOCHIPS\FERIA\JUEGO_FERIA.ASM 358 : Found opcode in column 1. (call)
Warning[203] C:\USERS\ISRACODE\DOCUMENTS\FI\2024-2\MICROS\JALAPENOCHIPS\TEOCHIPS\FERIA\JUEGO_FERIA.ASM 359 : Found opcode in column 1. (call)
Warning[203] C:\USERS\ISRACODE\DOCUMENTS\FI\2024-2\MICROS\JALAPENOCHIPS\TEOCHIPS\FERIA\JUEGO_FERIA.ASM 361 : Found opcode in column 1. (movf)
Warning[203] C:\USERS\ISRACODE\DOCUMENTS\FI\2024-2\MICROS\JALAPENOCHIPS\TEOCHIPS\FERIA\JUEGO_FERIA.ASM 362 : Found opcode in column 1. (movwf)
Warning[203] C:\USERS\ISRACODE\DOCUMENTS\FI\2024-2\MICROS\JALAPENOCHIPS\TEOCHIPS\FERIA\JUEGO_FERIA.ASM 363 : Found opcode in column 1. (movf)
Warning[203] C:\USERS\ISRACODE\DOCUMENTS\FI\2024-2\MICROS\JALAPENOCHIPS\TEOCHIPS\FERIA\JUEGO_FERIA.ASM 364 : Found opcode in column 1. (subwf)
Message[305] C:\USERS\ISRACODE\DOCUMENTS\FI\2024-2\MICROS\JALAPENOCHIPS\TEOCHIPS\FERIA\JUEGO_FERIA.ASM 364 : Using default destination of 1 (file).
Warning[203] C:\USERS\ISRACODE\DOCUMENTS\FI\2024-2\MICROS\JALAPENOCHIPS\TEOCHIPS\FERIA\JUEGO_FERIA.ASM 366 : Found opcode in column 1. (btfss)
Warning[203] C:\USERS\ISRACODE\DOCUMENTS\FI\2024-2\MICROS\JALAPENOCHIPS\TEOCHIPS\FERIA\JUEGO_FERIA.ASM 367 : Found opcode in column 1. (goto)
Warning[203] C:\USERS\ISRACODE\DOCUMENTS\FI\2024-2\MICROS\JALAPENOCHIPS\TEOCHIPS\FERIA\JUEGO_FERIA.ASM 370 : Found opcode in column 1. (MOVLW)
Warning[203] C:\USERS\ISRACODE\DOCUMENTS\FI\2024-2\MICROS\JALAPENOCHIPS\TEOCHIPS\FERIA\JUEGO_FERIA.ASM 371 : Found opcode in column 1. (CALL)
Warning[203] C:\USERS\ISRACODE\DOCUMENTS\FI\2024-2\MICROS\JALAPENOCHIPS\TEOCHIPS\FERIA\JUEGO_FERIA.ASM 372 : Found opcode in column 1. (MOVLW)
Warning[203] C:\USERS\ISRACODE\DOCUMENTS\FI\2024-2\MICROS\JALAPENOCHIPS\TEOCHIPS\FERIA\JUEGO_FERIA.ASM 373 : Found opcode in column 1. (CALL)
Warning[203] C:\USERS\ISRACODE\DOCUMENTS\FI\2024-2\MICROS\JALAPENOCHIPS\TEOCHIPS\FERIA\JUEGO_FERIA.ASM 374 : Found opcode in column 1. (MOVLW)
Warning[203] C:\USERS\ISRACODE\DOCUMENTS\FI\2024-2\MICROS\JALAPENOCHIPS\TEOCHIPS\FERIA\JUEGO_FERIA.ASM 375 : Found opcode in column 1. (CALL)
Warning[203] C:\USERS\ISRACODE\DOCUMENTS\FI\2024-2\MICROS\JALAPENOCHIPS\TEOCHIPS\FERIA\JUEGO_FERIA.ASM 376 : Found opcode in column 1. (MOVLW)
Warning[203] C:\USERS\ISRACODE\DOCUMENTS\FI\2024-2\MICROS\JALAPENOCHIPS\TEOCHIPS\FERIA\JUEGO_FERIA.ASM 377 : Found opcode in column 1. (CALL)
Warning[203] C:\USERS\ISRACODE\DOCUMENTS\FI\2024-2\MICROS\JALAPENOCHIPS\TEOCHIPS\FERIA\JUEGO_FERIA.ASM 378 : Found opcode in column 1. (MOVLW)
Warning[203] C:\USERS\ISRACODE\DOCUMENTS\FI\2024-2\MICROS\JALAPENOCHIPS\TEOCHIPS\FERIA\JUEGO_FERIA.ASM 379 : Found opcode in column 1. (CALL)
Warning[203] C:\USERS\ISRACODE\DOCUMENTS\FI\2024-2\MICROS\JALAPENOCHIPS\TEOCHIPS\FERIA\JUEGO_FERIA.ASM 380 : Found opcode in column 1. (MOVLW)
Warning[203] C:\USERS\ISRACODE\DOCUMENTS\FI\2024-2\MICROS\JALAPENOCHIPS\TEOCHIPS\FERIA\JUEGO_FERIA.ASM 381 : Found opcode in column 1. (CALL)
Warning[203] C:\USERS\ISRACODE\DOCUMENTS\FI\2024-2\MICROS\JALAPENOCHIPS\TEOCHIPS\FERIA\JUEGO_FERIA.ASM 382 : Found opcode in column 1. (MOVLW)
Warning[203] C:\USERS\ISRACODE\DOCUMENTS\FI\2024-2\MICROS\JALAPENOCHIPS\TEOCHIPS\FERIA\JUEGO_FERIA.ASM 383 : Found opcode in column 1. (CALL)
Warning[203] C:\USERS\ISRACODE\DOCUMENTS\FI\2024-2\MICROS\JALAPENOCHIPS\TEOCHIPS\FERIA\JUEGO_FERIA.ASM 384 : Found opcode in column 1. (MOVLW)
Warning[203] C:\USERS\ISRACODE\DOCUMENTS\FI\2024-2\MICROS\JALAPENOCHIPS\TEOCHIPS\FERIA\JUEGO_FERIA.ASM 385 : Found opcode in column 1. (CALL)
Warning[203] C:\USERS\ISRACODE\DOCUMENTS\FI\2024-2\MICROS\JALAPENOCHIPS\TEOCHIPS\FERIA\JUEGO_FERIA.ASM 386 : Found opcode in column 1. (MOVLW)
Warning[203] C:\USERS\ISRACODE\DOCUMENTS\FI\2024-2\MICROS\JALAPENOCHIPS\TEOCHIPS\FERIA\JUEGO_FERIA.ASM 387 : Found opcode in column 1. (CALL)
Warning[203] C:\USERS\ISRACODE\DOCUMENTS\FI\2024-2\MICROS\JALAPENOCHIPS\TEOCHIPS\FERIA\JUEGO_FERIA.ASM 388 : Found opcode in column 1. (MOVLW)
Warning[203] C:\USERS\ISRACODE\DOCUMENTS\FI\2024-2\MICROS\JALAPENOCHIPS\TEOCHIPS\FERIA\JUEGO_FERIA.ASM 389 : Found opcode in column 1. (CALL)
Warning[203] C:\USERS\ISRACODE\DOCUMENTS\FI\2024-2\MICROS\JALAPENOCHIPS\TEOCHIPS\FERIA\JUEGO_FERIA.ASM 390 : Found opcode in column 1. (MOVLW)
Warning[203] C:\USERS\ISRACODE\DOCUMENTS\FI\2024-2\MICROS\JALAPENOCHIPS\TEOCHIPS\FERIA\JUEGO_FERIA.ASM 391 : Found opcode in column 1. (CALL)
Warning[203] C:\USERS\ISRACODE\DOCUMENTS\FI\2024-2\MICROS\JALAPENOCHIPS\TEOCHIPS\FERIA\JUEGO_FERIA.ASM 392 : Found opcode in column 1. (MOVLW)
Warning[203] C:\USERS\ISRACODE\DOCUMENTS\FI\2024-2\MICROS\JALAPENOCHIPS\TEOCHIPS\FERIA\JUEGO_FERIA.ASM 393 : Found opcode in column 1. (CALL)
Warning[203] C:\USERS\ISRACODE\DOCUMENTS\FI\2024-2\MICROS\JALAPENOCHIPS\TEOCHIPS\FERIA\JUEGO_FERIA.ASM 394 : Found opcode in column 1. (MOVLW)
Warning[203] C:\USERS\ISRACODE\DOCUMENTS\FI\2024-2\MICROS\JALAPENOCHIPS\TEOCHIPS\FERIA\JUEGO_FERIA.ASM 395 : Found opcode in column 1. (CALL)
Warning[203] C:\USERS\ISRACODE\DOCUMENTS\FI\2024-2\MICROS\JALAPENOCHIPS\TEOCHIPS\FERIA\JUEGO_FERIA.ASM 397 : Found opcode in column 1. (MOVLW)
Warning[203] C:\USERS\ISRACODE\DOCUMENTS\FI\2024-2\MICROS\JALAPENOCHIPS\TEOCHIPS\FERIA\JUEGO_FERIA.ASM 398 : Found opcode in column 1. (CALL)
Warning[203] C:\USERS\ISRACODE\DOCUMENTS\FI\2024-2\MICROS\JALAPENOCHIPS\TEOCHIPS\FERIA\JUEGO_FERIA.ASM 400 : Found opcode in column 1. (movf)
Warning[203] C:\USERS\ISRACODE\DOCUMENTS\FI\2024-2\MICROS\JALAPENOCHIPS\TEOCHIPS\FERIA\JUEGO_FERIA.ASM 401 : Found opcode in column 1. (movwf)
Warning[203] C:\USERS\ISRACODE\DOCUMENTS\FI\2024-2\MICROS\JALAPENOCHIPS\TEOCHIPS\FERIA\JUEGO_FERIA.ASM 402 : Found opcode in column 1. (call)
Warning[203] C:\USERS\ISRACODE\DOCUMENTS\FI\2024-2\MICROS\JALAPENOCHIPS\TEOCHIPS\FERIA\JUEGO_FERIA.ASM 404 : Found opcode in column 1. (MOVLW)
Warning[203] C:\USERS\ISRACODE\DOCUMENTS\FI\2024-2\MICROS\JALAPENOCHIPS\TEOCHIPS\FERIA\JUEGO_FERIA.ASM 405 : Found opcode in column 1. (CALL)
Warning[203] C:\USERS\ISRACODE\DOCUMENTS\FI\2024-2\MICROS\JALAPENOCHIPS\TEOCHIPS\FERIA\JUEGO_FERIA.ASM 407 : Found opcode in column 1. (movf)
Warning[203] C:\USERS\ISRACODE\DOCUMENTS\FI\2024-2\MICROS\JALAPENOCHIPS\TEOCHIPS\FERIA\JUEGO_FERIA.ASM 408 : Found opcode in column 1. (movwf)
Warning[203] C:\USERS\ISRACODE\DOCUMENTS\FI\2024-2\MICROS\JALAPENOCHIPS\TEOCHIPS\FERIA\JUEGO_FERIA.ASM 409 : Found opcode in column 1. (call)
Warning[203] C:\USERS\ISRACODE\DOCUMENTS\FI\2024-2\MICROS\JALAPENOCHIPS\TEOCHIPS\FERIA\JUEGO_FERIA.ASM 411 : Found opcode in column 1. (MOVLW)
Warning[203] C:\USERS\ISRACODE\DOCUMENTS\FI\2024-2\MICROS\JALAPENOCHIPS\TEOCHIPS\FERIA\JUEGO_FERIA.ASM 412 : Found opcode in column 1. (CALL)
Warning[203] C:\USERS\ISRACODE\DOCUMENTS\FI\2024-2\MICROS\JALAPENOCHIPS\TEOCHIPS\FERIA\JUEGO_FERIA.ASM 414 : Found opcode in column 1. (movf)
Warning[203] C:\USERS\ISRACODE\DOCUMENTS\FI\2024-2\MICROS\JALAPENOCHIPS\TEOCHIPS\FERIA\JUEGO_FERIA.ASM 415 : Found opcode in column 1. (movwf)
Warning[203] C:\USERS\ISRACODE\DOCUMENTS\FI\2024-2\MICROS\JALAPENOCHIPS\TEOCHIPS\FERIA\JUEGO_FERIA.ASM 416 : Found opcode in column 1. (call)
Warning[203] C:\USERS\ISRACODE\DOCUMENTS\FI\2024-2\MICROS\JALAPENOCHIPS\TEOCHIPS\FERIA\JUEGO_FERIA.ASM 418 : Found opcode in column 1. (call)
Warning[203] C:\USERS\ISRACODE\DOCUMENTS\FI\2024-2\MICROS\JALAPENOCHIPS\TEOCHIPS\FERIA\JUEGO_FERIA.ASM 419 : Found opcode in column 1. (call)
Warning[203] C:\USERS\ISRACODE\DOCUMENTS\FI\2024-2\MICROS\JALAPENOCHIPS\TEOCHIPS\FERIA\JUEGO_FERIA.ASM 420 : Found opcode in column 1. (call)
Warning[203] C:\USERS\ISRACODE\DOCUMENTS\FI\2024-2\MICROS\JALAPENOCHIPS\TEOCHIPS\FERIA\JUEGO_FERIA.ASM 425 : Found opcode in column 1. (call)
Warning[203] C:\USERS\ISRACODE\DOCUMENTS\FI\2024-2\MICROS\JALAPENOCHIPS\TEOCHIPS\FERIA\JUEGO_FERIA.ASM 427 : Found opcode in column 1. (MOVLW)
Warning[203] C:\USERS\ISRACODE\DOCUMENTS\FI\2024-2\MICROS\JALAPENOCHIPS\TEOCHIPS\FERIA\JUEGO_FERIA.ASM 428 : Found opcode in column 1. (CALL)
Warning[203] C:\USERS\ISRACODE\DOCUMENTS\FI\2024-2\MICROS\JALAPENOCHIPS\TEOCHIPS\FERIA\JUEGO_FERIA.ASM 429 : Found opcode in column 1. (MOVLW)
Warning[203] C:\USERS\ISRACODE\DOCUMENTS\FI\2024-2\MICROS\JALAPENOCHIPS\TEOCHIPS\FERIA\JUEGO_FERIA.ASM 430 : Found opcode in column 1. (CALL)
Warning[203] C:\USERS\ISRACODE\DOCUMENTS\FI\2024-2\MICROS\JALAPENOCHIPS\TEOCHIPS\FERIA\JUEGO_FERIA.ASM 431 : Found opcode in column 1. (MOVLW)
Warning[203] C:\USERS\ISRACODE\DOCUMENTS\FI\2024-2\MICROS\JALAPENOCHIPS\TEOCHIPS\FERIA\JUEGO_FERIA.ASM 432 : Found opcode in column 1. (CALL)
Warning[203] C:\USERS\ISRACODE\DOCUMENTS\FI\2024-2\MICROS\JALAPENOCHIPS\TEOCHIPS\FERIA\JUEGO_FERIA.ASM 433 : Found opcode in column 1. (MOVLW)
Warning[203] C:\USERS\ISRACODE\DOCUMENTS\FI\2024-2\MICROS\JALAPENOCHIPS\TEOCHIPS\FERIA\JUEGO_FERIA.ASM 434 : Found opcode in column 1. (CALL)
Warning[203] C:\USERS\ISRACODE\DOCUMENTS\FI\2024-2\MICROS\JALAPENOCHIPS\TEOCHIPS\FERIA\JUEGO_FERIA.ASM 435 : Found opcode in column 1. (MOVLW)
Warning[203] C:\USERS\ISRACODE\DOCUMENTS\FI\2024-2\MICROS\JALAPENOCHIPS\TEOCHIPS\FERIA\JUEGO_FERIA.ASM 436 : Found opcode in column 1. (CALL)
Warning[203] C:\USERS\ISRACODE\DOCUMENTS\FI\2024-2\MICROS\JALAPENOCHIPS\TEOCHIPS\FERIA\JUEGO_FERIA.ASM 437 : Found opcode in column 1. (MOVLW)
Warning[203] C:\USERS\ISRACODE\DOCUMENTS\FI\2024-2\MICROS\JALAPENOCHIPS\TEOCHIPS\FERIA\JUEGO_FERIA.ASM 438 : Found opcode in column 1. (CALL)
Warning[203] C:\USERS\ISRACODE\DOCUMENTS\FI\2024-2\MICROS\JALAPENOCHIPS\TEOCHIPS\FERIA\JUEGO_FERIA.ASM 439 : Found opcode in column 1. (MOVLW)
Warning[203] C:\USERS\ISRACODE\DOCUMENTS\FI\2024-2\MICROS\JALAPENOCHIPS\TEOCHIPS\FERIA\JUEGO_FERIA.ASM 440 : Found opcode in column 1. (CALL)
Warning[203] C:\USERS\ISRACODE\DOCUMENTS\FI\2024-2\MICROS\JALAPENOCHIPS\TEOCHIPS\FERIA\JUEGO_FERIA.ASM 441 : Found opcode in column 1. (MOVLW)
Warning[203] C:\USERS\ISRACODE\DOCUMENTS\FI\2024-2\MICROS\JALAPENOCHIPS\TEOCHIPS\FERIA\JUEGO_FERIA.ASM 442 : Found opcode in column 1. (CALL)
Warning[203] C:\USERS\ISRACODE\DOCUMENTS\FI\2024-2\MICROS\JALAPENOCHIPS\TEOCHIPS\FERIA\JUEGO_FERIA.ASM 443 : Found opcode in column 1. (MOVLW)
Warning[203] C:\USERS\ISRACODE\DOCUMENTS\FI\2024-2\MICROS\JALAPENOCHIPS\TEOCHIPS\FERIA\JUEGO_FERIA.ASM 444 : Found opcode in column 1. (CALL)
Warning[203] C:\USERS\ISRACODE\DOCUMENTS\FI\2024-2\MICROS\JALAPENOCHIPS\TEOCHIPS\FERIA\JUEGO_FERIA.ASM 445 : Found opcode in column 1. (MOVLW)
Warning[203] C:\USERS\ISRACODE\DOCUMENTS\FI\2024-2\MICROS\JALAPENOCHIPS\TEOCHIPS\FERIA\JUEGO_FERIA.ASM 446 : Found opcode in column 1. (CALL)
Warning[203] C:\USERS\ISRACODE\DOCUMENTS\FI\2024-2\MICROS\JALAPENOCHIPS\TEOCHIPS\FERIA\JUEGO_FERIA.ASM 447 : Found opcode in column 1. (MOVLW)
Warning[203] C:\USERS\ISRACODE\DOCUMENTS\FI\2024-2\MICROS\JALAPENOCHIPS\TEOCHIPS\FERIA\JUEGO_FERIA.ASM 448 : Found opcode in column 1. (CALL)
Warning[203] C:\USERS\ISRACODE\DOCUMENTS\FI\2024-2\MICROS\JALAPENOCHIPS\TEOCHIPS\FERIA\JUEGO_FERIA.ASM 449 : Found opcode in column 1. (MOVLW)
Warning[203] C:\USERS\ISRACODE\DOCUMENTS\FI\2024-2\MICROS\JALAPENOCHIPS\TEOCHIPS\FERIA\JUEGO_FERIA.ASM 450 : Found opcode in column 1. (CALL)
Warning[203] C:\USERS\ISRACODE\DOCUMENTS\FI\2024-2\MICROS\JALAPENOCHIPS\TEOCHIPS\FERIA\JUEGO_FERIA.ASM 451 : Found opcode in column 1. (MOVLW)
Warning[203] C:\USERS\ISRACODE\DOCUMENTS\FI\2024-2\MICROS\JALAPENOCHIPS\TEOCHIPS\FERIA\JUEGO_FERIA.ASM 452 : Found opcode in column 1. (CALL)
Warning[203] C:\USERS\ISRACODE\DOCUMENTS\FI\2024-2\MICROS\JALAPENOCHIPS\TEOCHIPS\FERIA\JUEGO_FERIA.ASM 454 : Found opcode in column 1. (movf)
Warning[203] C:\USERS\ISRACODE\DOCUMENTS\FI\2024-2\MICROS\JALAPENOCHIPS\TEOCHIPS\FERIA\JUEGO_FERIA.ASM 455 : Found opcode in column 1. (addlw)
Warning[203] C:\USERS\ISRACODE\DOCUMENTS\FI\2024-2\MICROS\JALAPENOCHIPS\TEOCHIPS\FERIA\JUEGO_FERIA.ASM 456 : Found opcode in column 1. (call)
Warning[203] C:\USERS\ISRACODE\DOCUMENTS\FI\2024-2\MICROS\JALAPENOCHIPS\TEOCHIPS\FERIA\JUEGO_FERIA.ASM 458 : Found opcode in column 1. (MOVLW)
Warning[203] C:\USERS\ISRACODE\DOCUMENTS\FI\2024-2\MICROS\JALAPENOCHIPS\TEOCHIPS\FERIA\JUEGO_FERIA.ASM 459 : Found opcode in column 1. (CALL)
Warning[203] C:\USERS\ISRACODE\DOCUMENTS\FI\2024-2\MICROS\JALAPENOCHIPS\TEOCHIPS\FERIA\JUEGO_FERIA.ASM 461 : Found opcode in column 1. (MOVLW)
Warning[203] C:\USERS\ISRACODE\DOCUMENTS\FI\2024-2\MICROS\JALAPENOCHIPS\TEOCHIPS\FERIA\JUEGO_FERIA.ASM 462 : Found opcode in column 1. (CALL)
Warning[203] C:\USERS\ISRACODE\DOCUMENTS\FI\2024-2\MICROS\JALAPENOCHIPS\TEOCHIPS\FERIA\JUEGO_FERIA.ASM 463 : Found opcode in column 1. (MOVLW)
Warning[203] C:\USERS\ISRACODE\DOCUMENTS\FI\2024-2\MICROS\JALAPENOCHIPS\TEOCHIPS\FERIA\JUEGO_FERIA.ASM 464 : Found opcode in column 1. (CALL)
Warning[203] C:\USERS\ISRACODE\DOCUMENTS\FI\2024-2\MICROS\JALAPENOCHIPS\TEOCHIPS\FERIA\JUEGO_FERIA.ASM 466 : Found opcode in column 1. (movf)
Warning[203] C:\USERS\ISRACODE\DOCUMENTS\FI\2024-2\MICROS\JALAPENOCHIPS\TEOCHIPS\FERIA\JUEGO_FERIA.ASM 467 : Found opcode in column 1. (movwf)
Warning[203] C:\USERS\ISRACODE\DOCUMENTS\FI\2024-2\MICROS\JALAPENOCHIPS\TEOCHIPS\FERIA\JUEGO_FERIA.ASM 468 : Found opcode in column 1. (call)
Warning[203] C:\USERS\ISRACODE\DOCUMENTS\FI\2024-2\MICROS\JALAPENOCHIPS\TEOCHIPS\FERIA\JUEGO_FERIA.ASM 470 : Found opcode in column 1. (MOVLW)
Warning[203] C:\USERS\ISRACODE\DOCUMENTS\FI\2024-2\MICROS\JALAPENOCHIPS\TEOCHIPS\FERIA\JUEGO_FERIA.ASM 471 : Found opcode in column 1. (CALL)
Warning[203] C:\USERS\ISRACODE\DOCUMENTS\FI\2024-2\MICROS\JALAPENOCHIPS\TEOCHIPS\FERIA\JUEGO_FERIA.ASM 472 : Found opcode in column 1. (MOVLW)
Warning[203] C:\USERS\ISRACODE\DOCUMENTS\FI\2024-2\MICROS\JALAPENOCHIPS\TEOCHIPS\FERIA\JUEGO_FERIA.ASM 473 : Found opcode in column 1. (CALL)
Warning[203] C:\USERS\ISRACODE\DOCUMENTS\FI\2024-2\MICROS\JALAPENOCHIPS\TEOCHIPS\FERIA\JUEGO_FERIA.ASM 474 : Found opcode in column 1. (MOVLW)
Warning[203] C:\USERS\ISRACODE\DOCUMENTS\FI\2024-2\MICROS\JALAPENOCHIPS\TEOCHIPS\FERIA\JUEGO_FERIA.ASM 475 : Found opcode in column 1. (CALL)
Warning[203] C:\USERS\ISRACODE\DOCUMENTS\FI\2024-2\MICROS\JALAPENOCHIPS\TEOCHIPS\FERIA\JUEGO_FERIA.ASM 476 : Found opcode in column 1. (MOVLW)
Warning[203] C:\USERS\ISRACODE\DOCUMENTS\FI\2024-2\MICROS\JALAPENOCHIPS\TEOCHIPS\FERIA\JUEGO_FERIA.ASM 477 : Found opcode in column 1. (CALL)
Warning[203] C:\USERS\ISRACODE\DOCUMENTS\FI\2024-2\MICROS\JALAPENOCHIPS\TEOCHIPS\FERIA\JUEGO_FERIA.ASM 478 : Found opcode in column 1. (MOVLW)
Warning[203] C:\USERS\ISRACODE\DOCUMENTS\FI\2024-2\MICROS\JALAPENOCHIPS\TEOCHIPS\FERIA\JUEGO_FERIA.ASM 479 : Found opcode in column 1. (CALL)
Warning[203] C:\USERS\ISRACODE\DOCUMENTS\FI\2024-2\MICROS\JALAPENOCHIPS\TEOCHIPS\FERIA\JUEGO_FERIA.ASM 480 : Found opcode in column 1. (MOVLW)
Warning[203] C:\USERS\ISRACODE\DOCUMENTS\FI\2024-2\MICROS\JALAPENOCHIPS\TEOCHIPS\FERIA\JUEGO_FERIA.ASM 481 : Found opcode in column 1. (CALL)
Warning[203] C:\USERS\ISRACODE\DOCUMENTS\FI\2024-2\MICROS\JALAPENOCHIPS\TEOCHIPS\FERIA\JUEGO_FERIA.ASM 482 : Found opcode in column 1. (MOVLW)
Warning[203] C:\USERS\ISRACODE\DOCUMENTS\FI\2024-2\MICROS\JALAPENOCHIPS\TEOCHIPS\FERIA\JUEGO_FERIA.ASM 483 : Found opcode in column 1. (CALL)
Warning[203] C:\USERS\ISRACODE\DOCUMENTS\FI\2024-2\MICROS\JALAPENOCHIPS\TEOCHIPS\FERIA\JUEGO_FERIA.ASM 485 : Found opcode in column 1. (call)
Warning[203] C:\USERS\ISRACODE\DOCUMENTS\FI\2024-2\MICROS\JALAPENOCHIPS\TEOCHIPS\FERIA\JUEGO_FERIA.ASM 486 : Found opcode in column 1. (call)
Warning[203] C:\USERS\ISRACODE\DOCUMENTS\FI\2024-2\MICROS\JALAPENOCHIPS\TEOCHIPS\FERIA\JUEGO_FERIA.ASM 487 : Found opcode in column 1. (call)
Warning[203] C:\USERS\ISRACODE\DOCUMENTS\FI\2024-2\MICROS\JALAPENOCHIPS\TEOCHIPS\FERIA\JUEGO_FERIA.ASM 489 : Found opcode in column 1. (goto)
Warning[203] C:\USERS\ISRACODE\DOCUMENTS\FI\2024-2\MICROS\JALAPENOCHIPS\TEOCHIPS\FERIA\JUEGO_FERIA.ASM 498 : Found opcode in column 1. (movlw)
Warning[203] C:\USERS\ISRACODE\DOCUMENTS\FI\2024-2\MICROS\JALAPENOCHIPS\TEOCHIPS\FERIA\JUEGO_FERIA.ASM 499 : Found opcode in column 1. (movwf)
Warning[203] C:\USERS\ISRACODE\DOCUMENTS\FI\2024-2\MICROS\JALAPENOCHIPS\TEOCHIPS\FERIA\JUEGO_FERIA.ASM 501 : Found opcode in column 1. (clrf)
Warning[203] C:\USERS\ISRACODE\DOCUMENTS\FI\2024-2\MICROS\JALAPENOCHIPS\TEOCHIPS\FERIA\JUEGO_FERIA.ASM 502 : Found opcode in column 1. (clrf)
Warning[203] C:\USERS\ISRACODE\DOCUMENTS\FI\2024-2\MICROS\JALAPENOCHIPS\TEOCHIPS\FERIA\JUEGO_FERIA.ASM 504 : Found opcode in column 1. (movf)
Warning[203] C:\USERS\ISRACODE\DOCUMENTS\FI\2024-2\MICROS\JALAPENOCHIPS\TEOCHIPS\FERIA\JUEGO_FERIA.ASM 505 : Found opcode in column 1. (movwf)
Warning[203] C:\USERS\ISRACODE\DOCUMENTS\FI\2024-2\MICROS\JALAPENOCHIPS\TEOCHIPS\FERIA\JUEGO_FERIA.ASM 507 : Found opcode in column 1. (movlw)
Warning[203] C:\USERS\ISRACODE\DOCUMENTS\FI\2024-2\MICROS\JALAPENOCHIPS\TEOCHIPS\FERIA\JUEGO_FERIA.ASM 508 : Found opcode in column 1. (movwf)
Warning[203] C:\USERS\ISRACODE\DOCUMENTS\FI\2024-2\MICROS\JALAPENOCHIPS\TEOCHIPS\FERIA\JUEGO_FERIA.ASM 510 : Found opcode in column 1. (bcf)
Warning[203] C:\USERS\ISRACODE\DOCUMENTS\FI\2024-2\MICROS\JALAPENOCHIPS\TEOCHIPS\FERIA\JUEGO_FERIA.ASM 515 : Found opcode in column 1. (incf)
Message[305] C:\USERS\ISRACODE\DOCUMENTS\FI\2024-2\MICROS\JALAPENOCHIPS\TEOCHIPS\FERIA\JUEGO_FERIA.ASM 515 : Using default destination of 1 (file).
Warning[203] C:\USERS\ISRACODE\DOCUMENTS\FI\2024-2\MICROS\JALAPENOCHIPS\TEOCHIPS\FERIA\JUEGO_FERIA.ASM 516 : Found opcode in column 1. (incf)
Message[305] C:\USERS\ISRACODE\DOCUMENTS\FI\2024-2\MICROS\JALAPENOCHIPS\TEOCHIPS\FERIA\JUEGO_FERIA.ASM 516 : Using default destination of 1 (file).
Warning[203] C:\USERS\ISRACODE\DOCUMENTS\FI\2024-2\MICROS\JALAPENOCHIPS\TEOCHIPS\FERIA\JUEGO_FERIA.ASM 518 : Found opcode in column 1. (movf)
Warning[203] C:\USERS\ISRACODE\DOCUMENTS\FI\2024-2\MICROS\JALAPENOCHIPS\TEOCHIPS\FERIA\JUEGO_FERIA.ASM 519 : Found opcode in column 1. (movwf)
Warning[203] C:\USERS\ISRACODE\DOCUMENTS\FI\2024-2\MICROS\JALAPENOCHIPS\TEOCHIPS\FERIA\JUEGO_FERIA.ASM 522 : Found opcode in column 1. (movf)
Warning[203] C:\USERS\ISRACODE\DOCUMENTS\FI\2024-2\MICROS\JALAPENOCHIPS\TEOCHIPS\FERIA\JUEGO_FERIA.ASM 523 : Found opcode in column 1. (movwf)
Warning[203] C:\USERS\ISRACODE\DOCUMENTS\FI\2024-2\MICROS\JALAPENOCHIPS\TEOCHIPS\FERIA\JUEGO_FERIA.ASM 525 : Found opcode in column 1. (movf)
Warning[203] C:\USERS\ISRACODE\DOCUMENTS\FI\2024-2\MICROS\JALAPENOCHIPS\TEOCHIPS\FERIA\JUEGO_FERIA.ASM 526 : Found opcode in column 1. (movwf)
Warning[203] C:\USERS\ISRACODE\DOCUMENTS\FI\2024-2\MICROS\JALAPENOCHIPS\TEOCHIPS\FERIA\JUEGO_FERIA.ASM 528 : Found opcode in column 1. (movf)
Warning[203] C:\USERS\ISRACODE\DOCUMENTS\FI\2024-2\MICROS\JALAPENOCHIPS\TEOCHIPS\FERIA\JUEGO_FERIA.ASM 529 : Found opcode in column 1. (subwf)
Message[305] C:\USERS\ISRACODE\DOCUMENTS\FI\2024-2\MICROS\JALAPENOCHIPS\TEOCHIPS\FERIA\JUEGO_FERIA.ASM 529 : Using default destination of 1 (file).
Warning[203] C:\USERS\ISRACODE\DOCUMENTS\FI\2024-2\MICROS\JALAPENOCHIPS\TEOCHIPS\FERIA\JUEGO_FERIA.ASM 532 : Found opcode in column 1. (btfss)
Warning[203] C:\USERS\ISRACODE\DOCUMENTS\FI\2024-2\MICROS\JALAPENOCHIPS\TEOCHIPS\FERIA\JUEGO_FERIA.ASM 533 : Found opcode in column 1. (goto)
Warning[203] C:\USERS\ISRACODE\DOCUMENTS\FI\2024-2\MICROS\JALAPENOCHIPS\TEOCHIPS\FERIA\JUEGO_FERIA.ASM 534 : Found opcode in column 1. (goto)
Warning[203] C:\USERS\ISRACODE\DOCUMENTS\FI\2024-2\MICROS\JALAPENOCHIPS\TEOCHIPS\FERIA\JUEGO_FERIA.ASM 537 : Found opcode in column 1. (movf)
Warning[203] C:\USERS\ISRACODE\DOCUMENTS\FI\2024-2\MICROS\JALAPENOCHIPS\TEOCHIPS\FERIA\JUEGO_FERIA.ASM 538 : Found opcode in column 1. (movwf)
Warning[203] C:\USERS\ISRACODE\DOCUMENTS\FI\2024-2\MICROS\JALAPENOCHIPS\TEOCHIPS\FERIA\JUEGO_FERIA.ASM 540 : Found opcode in column 1. (movf)
Warning[203] C:\USERS\ISRACODE\DOCUMENTS\FI\2024-2\MICROS\JALAPENOCHIPS\TEOCHIPS\FERIA\JUEGO_FERIA.ASM 541 : Found opcode in column 1. (movwf)
Warning[203] C:\USERS\ISRACODE\DOCUMENTS\FI\2024-2\MICROS\JALAPENOCHIPS\TEOCHIPS\FERIA\JUEGO_FERIA.ASM 545 : Found opcode in column 1. (movf)
Warning[203] C:\USERS\ISRACODE\DOCUMENTS\FI\2024-2\MICROS\JALAPENOCHIPS\TEOCHIPS\FERIA\JUEGO_FERIA.ASM 546 : Found opcode in column 1. (movwf)
Warning[203] C:\USERS\ISRACODE\DOCUMENTS\FI\2024-2\MICROS\JALAPENOCHIPS\TEOCHIPS\FERIA\JUEGO_FERIA.ASM 547 : Found opcode in column 1. (movf)
Warning[203] C:\USERS\ISRACODE\DOCUMENTS\FI\2024-2\MICROS\JALAPENOCHIPS\TEOCHIPS\FERIA\JUEGO_FERIA.ASM 548 : Found opcode in column 1. (subwf)
Message[305] C:\USERS\ISRACODE\DOCUMENTS\FI\2024-2\MICROS\JALAPENOCHIPS\TEOCHIPS\FERIA\JUEGO_FERIA.ASM 548 : Using default destination of 1 (file).
Warning[203] C:\USERS\ISRACODE\DOCUMENTS\FI\2024-2\MICROS\JALAPENOCHIPS\TEOCHIPS\FERIA\JUEGO_FERIA.ASM 550 : Found opcode in column 1. (btfss)
Warning[203] C:\USERS\ISRACODE\DOCUMENTS\FI\2024-2\MICROS\JALAPENOCHIPS\TEOCHIPS\FERIA\JUEGO_FERIA.ASM 551 : Found opcode in column 1. (goto)
Warning[203] C:\USERS\ISRACODE\DOCUMENTS\FI\2024-2\MICROS\JALAPENOCHIPS\TEOCHIPS\FERIA\JUEGO_FERIA.ASM 553 : Found opcode in column 1. (return)
Warning[203] C:\USERS\ISRACODE\DOCUMENTS\FI\2024-2\MICROS\JALAPENOCHIPS\TEOCHIPS\FERIA\JUEGO_FERIA.ASM 566 : Found opcode in column 1. (movf)
Warning[203] C:\USERS\ISRACODE\DOCUMENTS\FI\2024-2\MICROS\JALAPENOCHIPS\TEOCHIPS\FERIA\JUEGO_FERIA.ASM 567 : Found opcode in column 1. (movwf)
Warning[203] C:\USERS\ISRACODE\DOCUMENTS\FI\2024-2\MICROS\JALAPENOCHIPS\TEOCHIPS\FERIA\JUEGO_FERIA.ASM 568 : Found opcode in column 1. (call)
Warning[203] C:\USERS\ISRACODE\DOCUMENTS\FI\2024-2\MICROS\JALAPENOCHIPS\TEOCHIPS\FERIA\JUEGO_FERIA.ASM 571 : Found opcode in column 1. (movf)
Warning[203] C:\USERS\ISRACODE\DOCUMENTS\FI\2024-2\MICROS\JALAPENOCHIPS\TEOCHIPS\FERIA\JUEGO_FERIA.ASM 572 : Found opcode in column 1. (addlw)
Warning[203] C:\USERS\ISRACODE\DOCUMENTS\FI\2024-2\MICROS\JALAPENOCHIPS\TEOCHIPS\FERIA\JUEGO_FERIA.ASM 573 : Found opcode in column 1. (CALL)
Warning[203] C:\USERS\ISRACODE\DOCUMENTS\FI\2024-2\MICROS\JALAPENOCHIPS\TEOCHIPS\FERIA\JUEGO_FERIA.ASM 576 : Found opcode in column 1. (movf)
Warning[203] C:\USERS\ISRACODE\DOCUMENTS\FI\2024-2\MICROS\JALAPENOCHIPS\TEOCHIPS\FERIA\JUEGO_FERIA.ASM 577 : Found opcode in column 1. (addlw)
Warning[203] C:\USERS\ISRACODE\DOCUMENTS\FI\2024-2\MICROS\JALAPENOCHIPS\TEOCHIPS\FERIA\JUEGO_FERIA.ASM 578 : Found opcode in column 1. (CALL)
Warning[203] C:\USERS\ISRACODE\DOCUMENTS\FI\2024-2\MICROS\JALAPENOCHIPS\TEOCHIPS\FERIA\JUEGO_FERIA.ASM 581 : Found opcode in column 1. (movf)
Warning[203] C:\USERS\ISRACODE\DOCUMENTS\FI\2024-2\MICROS\JALAPENOCHIPS\TEOCHIPS\FERIA\JUEGO_FERIA.ASM 582 : Found opcode in column 1. (addlw)
Warning[203] C:\USERS\ISRACODE\DOCUMENTS\FI\2024-2\MICROS\JALAPENOCHIPS\TEOCHIPS\FERIA\JUEGO_FERIA.ASM 583 : Found opcode in column 1. (CALL)
Warning[203] C:\USERS\ISRACODE\DOCUMENTS\FI\2024-2\MICROS\JALAPENOCHIPS\TEOCHIPS\FERIA\JUEGO_FERIA.ASM 585 : Found opcode in column 1. (return)
Warning[203] C:\USERS\ISRACODE\DOCUMENTS\FI\2024-2\MICROS\JALAPENOCHIPS\TEOCHIPS\FERIA\JUEGO_FERIA.ASM 595 : Found opcode in column 1. (movlw)
Warning[203] C:\USERS\ISRACODE\DOCUMENTS\FI\2024-2\MICROS\JALAPENOCHIPS\TEOCHIPS\FERIA\JUEGO_FERIA.ASM 596 : Found opcode in column 1. (movwf)
Warning[203] C:\USERS\ISRACODE\DOCUMENTS\FI\2024-2\MICROS\JALAPENOCHIPS\TEOCHIPS\FERIA\JUEGO_FERIA.ASM 597 : Found opcode in column 1. (movwf)
Warning[203] C:\USERS\ISRACODE\DOCUMENTS\FI\2024-2\MICROS\JALAPENOCHIPS\TEOCHIPS\FERIA\JUEGO_FERIA.ASM 598 : Found opcode in column 1. (movwf)
Warning[203] C:\USERS\ISRACODE\DOCUMENTS\FI\2024-2\MICROS\JALAPENOCHIPS\TEOCHIPS\FERIA\JUEGO_FERIA.ASM 603 : Found opcode in column 1. (movlw)
Warning[203] C:\USERS\ISRACODE\DOCUMENTS\FI\2024-2\MICROS\JALAPENOCHIPS\TEOCHIPS\FERIA\JUEGO_FERIA.ASM 604 : Found opcode in column 1. (movwf)
Warning[203] C:\USERS\ISRACODE\DOCUMENTS\FI\2024-2\MICROS\JALAPENOCHIPS\TEOCHIPS\FERIA\JUEGO_FERIA.ASM 607 : Found opcode in column 1. (movf)
Warning[203] C:\USERS\ISRACODE\DOCUMENTS\FI\2024-2\MICROS\JALAPENOCHIPS\TEOCHIPS\FERIA\JUEGO_FERIA.ASM 608 : Found opcode in column 1. (movwf)
Warning[203] C:\USERS\ISRACODE\DOCUMENTS\FI\2024-2\MICROS\JALAPENOCHIPS\TEOCHIPS\FERIA\JUEGO_FERIA.ASM 612 : Found opcode in column 1. (incf)
Message[305] C:\USERS\ISRACODE\DOCUMENTS\FI\2024-2\MICROS\JALAPENOCHIPS\TEOCHIPS\FERIA\JUEGO_FERIA.ASM 612 : Using default destination of 1 (file).
Warning[203] C:\USERS\ISRACODE\DOCUMENTS\FI\2024-2\MICROS\JALAPENOCHIPS\TEOCHIPS\FERIA\JUEGO_FERIA.ASM 613 : Found opcode in column 1. (movf)
Warning[203] C:\USERS\ISRACODE\DOCUMENTS\FI\2024-2\MICROS\JALAPENOCHIPS\TEOCHIPS\FERIA\JUEGO_FERIA.ASM 614 : Found opcode in column 1. (movwf)
Warning[203] C:\USERS\ISRACODE\DOCUMENTS\FI\2024-2\MICROS\JALAPENOCHIPS\TEOCHIPS\FERIA\JUEGO_FERIA.ASM 617 : Found opcode in column 1. (movlw)
Warning[203] C:\USERS\ISRACODE\DOCUMENTS\FI\2024-2\MICROS\JALAPENOCHIPS\TEOCHIPS\FERIA\JUEGO_FERIA.ASM 618 : Found opcode in column 1. (subwf)
Message[305] C:\USERS\ISRACODE\DOCUMENTS\FI\2024-2\MICROS\JALAPENOCHIPS\TEOCHIPS\FERIA\JUEGO_FERIA.ASM 618 : Using default destination of 1 (file).
Warning[203] C:\USERS\ISRACODE\DOCUMENTS\FI\2024-2\MICROS\JALAPENOCHIPS\TEOCHIPS\FERIA\JUEGO_FERIA.ASM 620 : Found opcode in column 1. (btfsc)
Warning[203] C:\USERS\ISRACODE\DOCUMENTS\FI\2024-2\MICROS\JALAPENOCHIPS\TEOCHIPS\FERIA\JUEGO_FERIA.ASM 621 : Found opcode in column 1. (goto)
Warning[203] C:\USERS\ISRACODE\DOCUMENTS\FI\2024-2\MICROS\JALAPENOCHIPS\TEOCHIPS\FERIA\JUEGO_FERIA.ASM 624 : Found opcode in column 1. (movf)
Warning[203] C:\USERS\ISRACODE\DOCUMENTS\FI\2024-2\MICROS\JALAPENOCHIPS\TEOCHIPS\FERIA\JUEGO_FERIA.ASM 625 : Found opcode in column 1. (movwf)
Warning[203] C:\USERS\ISRACODE\DOCUMENTS\FI\2024-2\MICROS\JALAPENOCHIPS\TEOCHIPS\FERIA\JUEGO_FERIA.ASM 629 : Found opcode in column 1. (movlw)
Warning[203] C:\USERS\ISRACODE\DOCUMENTS\FI\2024-2\MICROS\JALAPENOCHIPS\TEOCHIPS\FERIA\JUEGO_FERIA.ASM 630 : Found opcode in column 1. (movwf)
Warning[203] C:\USERS\ISRACODE\DOCUMENTS\FI\2024-2\MICROS\JALAPENOCHIPS\TEOCHIPS\FERIA\JUEGO_FERIA.ASM 633 : Found opcode in column 1. (movf)
Warning[203] C:\USERS\ISRACODE\DOCUMENTS\FI\2024-2\MICROS\JALAPENOCHIPS\TEOCHIPS\FERIA\JUEGO_FERIA.ASM 634 : Found opcode in column 1. (movwf)
Warning[203] C:\USERS\ISRACODE\DOCUMENTS\FI\2024-2\MICROS\JALAPENOCHIPS\TEOCHIPS\FERIA\JUEGO_FERIA.ASM 637 : Found opcode in column 1. (incf)
Message[305] C:\USERS\ISRACODE\DOCUMENTS\FI\2024-2\MICROS\JALAPENOCHIPS\TEOCHIPS\FERIA\JUEGO_FERIA.ASM 637 : Using default destination of 1 (file).
Warning[203] C:\USERS\ISRACODE\DOCUMENTS\FI\2024-2\MICROS\JALAPENOCHIPS\TEOCHIPS\FERIA\JUEGO_FERIA.ASM 638 : Found opcode in column 1. (movf)
Warning[203] C:\USERS\ISRACODE\DOCUMENTS\FI\2024-2\MICROS\JALAPENOCHIPS\TEOCHIPS\FERIA\JUEGO_FERIA.ASM 639 : Found opcode in column 1. (movwf)
Warning[203] C:\USERS\ISRACODE\DOCUMENTS\FI\2024-2\MICROS\JALAPENOCHIPS\TEOCHIPS\FERIA\JUEGO_FERIA.ASM 642 : Found opcode in column 1. (movlw)
Warning[203] C:\USERS\ISRACODE\DOCUMENTS\FI\2024-2\MICROS\JALAPENOCHIPS\TEOCHIPS\FERIA\JUEGO_FERIA.ASM 643 : Found opcode in column 1. (subwf)
Message[305] C:\USERS\ISRACODE\DOCUMENTS\FI\2024-2\MICROS\JALAPENOCHIPS\TEOCHIPS\FERIA\JUEGO_FERIA.ASM 643 : Using default destination of 1 (file).
Warning[203] C:\USERS\ISRACODE\DOCUMENTS\FI\2024-2\MICROS\JALAPENOCHIPS\TEOCHIPS\FERIA\JUEGO_FERIA.ASM 645 : Found opcode in column 1. (btfsc)
Warning[203] C:\USERS\ISRACODE\DOCUMENTS\FI\2024-2\MICROS\JALAPENOCHIPS\TEOCHIPS\FERIA\JUEGO_FERIA.ASM 646 : Found opcode in column 1. (goto)
Warning[203] C:\USERS\ISRACODE\DOCUMENTS\FI\2024-2\MICROS\JALAPENOCHIPS\TEOCHIPS\FERIA\JUEGO_FERIA.ASM 649 : Found opcode in column 1. (movf)
Warning[203] C:\USERS\ISRACODE\DOCUMENTS\FI\2024-2\MICROS\JALAPENOCHIPS\TEOCHIPS\FERIA\JUEGO_FERIA.ASM 650 : Found opcode in column 1. (movwf)
Warning[203] C:\USERS\ISRACODE\DOCUMENTS\FI\2024-2\MICROS\JALAPENOCHIPS\TEOCHIPS\FERIA\JUEGO_FERIA.ASM 655 : Found opcode in column 1. (movf)
Warning[203] C:\USERS\ISRACODE\DOCUMENTS\FI\2024-2\MICROS\JALAPENOCHIPS\TEOCHIPS\FERIA\JUEGO_FERIA.ASM 656 : Found opcode in column 1. (movwf)
Warning[203] C:\USERS\ISRACODE\DOCUMENTS\FI\2024-2\MICROS\JALAPENOCHIPS\TEOCHIPS\FERIA\JUEGO_FERIA.ASM 658 : Found opcode in column 1. (return)
Warning[203] C:\USERS\ISRACODE\DOCUMENTS\FI\2024-2\MICROS\JALAPENOCHIPS\TEOCHIPS\FERIA\JUEGO_FERIA.ASM 663 : Found opcode in column 1. (movlw)
Warning[203] C:\USERS\ISRACODE\DOCUMENTS\FI\2024-2\MICROS\JALAPENOCHIPS\TEOCHIPS\FERIA\JUEGO_FERIA.ASM 664 : Found opcode in column 1. (call)
Warning[203] C:\USERS\ISRACODE\DOCUMENTS\FI\2024-2\MICROS\JALAPENOCHIPS\TEOCHIPS\FERIA\JUEGO_FERIA.ASM 665 : Found opcode in column 1. (call)
Warning[203] C:\USERS\ISRACODE\DOCUMENTS\FI\2024-2\MICROS\JALAPENOCHIPS\TEOCHIPS\FERIA\JUEGO_FERIA.ASM 666 : Found opcode in column 1. (movlw)
Warning[203] C:\USERS\ISRACODE\DOCUMENTS\FI\2024-2\MICROS\JALAPENOCHIPS\TEOCHIPS\FERIA\JUEGO_FERIA.ASM 667 : Found opcode in column 1. (call)
Warning[203] C:\USERS\ISRACODE\DOCUMENTS\FI\2024-2\MICROS\JALAPENOCHIPS\TEOCHIPS\FERIA\JUEGO_FERIA.ASM 668 : Found opcode in column 1. (call)
Warning[203] C:\USERS\ISRACODE\DOCUMENTS\FI\2024-2\MICROS\JALAPENOCHIPS\TEOCHIPS\FERIA\JUEGO_FERIA.ASM 669 : Found opcode in column 1. (movlw)
Warning[203] C:\USERS\ISRACODE\DOCUMENTS\FI\2024-2\MICROS\JALAPENOCHIPS\TEOCHIPS\FERIA\JUEGO_FERIA.ASM 670 : Found opcode in column 1. (call)
Warning[203] C:\USERS\ISRACODE\DOCUMENTS\FI\2024-2\MICROS\JALAPENOCHIPS\TEOCHIPS\FERIA\JUEGO_FERIA.ASM 671 : Found opcode in column 1. (movlw)
Warning[203] C:\USERS\ISRACODE\DOCUMENTS\FI\2024-2\MICROS\JALAPENOCHIPS\TEOCHIPS\FERIA\JUEGO_FERIA.ASM 672 : Found opcode in column 1. (call)
Warning[203] C:\USERS\ISRACODE\DOCUMENTS\FI\2024-2\MICROS\JALAPENOCHIPS\TEOCHIPS\FERIA\JUEGO_FERIA.ASM 673 : Found opcode in column 1. (movlw)
Warning[203] C:\USERS\ISRACODE\DOCUMENTS\FI\2024-2\MICROS\JALAPENOCHIPS\TEOCHIPS\FERIA\JUEGO_FERIA.ASM 674 : Found opcode in column 1. (call)
Warning[203] C:\USERS\ISRACODE\DOCUMENTS\FI\2024-2\MICROS\JALAPENOCHIPS\TEOCHIPS\FERIA\JUEGO_FERIA.ASM 675 : Found opcode in column 1. (movlw)
Warning[203] C:\USERS\ISRACODE\DOCUMENTS\FI\2024-2\MICROS\JALAPENOCHIPS\TEOCHIPS\FERIA\JUEGO_FERIA.ASM 676 : Found opcode in column 1. (call)
Warning[203] C:\USERS\ISRACODE\DOCUMENTS\FI\2024-2\MICROS\JALAPENOCHIPS\TEOCHIPS\FERIA\JUEGO_FERIA.ASM 677 : Found opcode in column 1. (movlw)
Warning[203] C:\USERS\ISRACODE\DOCUMENTS\FI\2024-2\MICROS\JALAPENOCHIPS\TEOCHIPS\FERIA\JUEGO_FERIA.ASM 678 : Found opcode in column 1. (call)
Warning[203] C:\USERS\ISRACODE\DOCUMENTS\FI\2024-2\MICROS\JALAPENOCHIPS\TEOCHIPS\FERIA\JUEGO_FERIA.ASM 679 : Found opcode in column 1. (return)
Warning[203] C:\USERS\ISRACODE\DOCUMENTS\FI\2024-2\MICROS\JALAPENOCHIPS\TEOCHIPS\FERIA\JUEGO_FERIA.ASM 683 : Found opcode in column 1. (movwf)
Warning[203] C:\USERS\ISRACODE\DOCUMENTS\FI\2024-2\MICROS\JALAPENOCHIPS\TEOCHIPS\FERIA\JUEGO_FERIA.ASM 684 : Found opcode in column 1. (call)
Warning[203] C:\USERS\ISRACODE\DOCUMENTS\FI\2024-2\MICROS\JALAPENOCHIPS\TEOCHIPS\FERIA\JUEGO_FERIA.ASM 685 : Found opcode in column 1. (bcf)
Warning[203] C:\USERS\ISRACODE\DOCUMENTS\FI\2024-2\MICROS\JALAPENOCHIPS\TEOCHIPS\FERIA\JUEGO_FERIA.ASM 686 : Found opcode in column 1. (bsf)
Warning[203] C:\USERS\ISRACODE\DOCUMENTS\FI\2024-2\MICROS\JALAPENOCHIPS\TEOCHIPS\FERIA\JUEGO_FERIA.ASM 687 : Found opcode in column 1. (call)
Warning[203] C:\USERS\ISRACODE\DOCUMENTS\FI\2024-2\MICROS\JALAPENOCHIPS\TEOCHIPS\FERIA\JUEGO_FERIA.ASM 688 : Found opcode in column 1. (bcf)
Warning[203] C:\USERS\ISRACODE\DOCUMENTS\FI\2024-2\MICROS\JALAPENOCHIPS\TEOCHIPS\FERIA\JUEGO_FERIA.ASM 689 : Found opcode in column 1. (return)
Warning[203] C:\USERS\ISRACODE\DOCUMENTS\FI\2024-2\MICROS\JALAPENOCHIPS\TEOCHIPS\FERIA\JUEGO_FERIA.ASM 693 : Found opcode in column 1. (movwf)
Warning[203] C:\USERS\ISRACODE\DOCUMENTS\FI\2024-2\MICROS\JALAPENOCHIPS\TEOCHIPS\FERIA\JUEGO_FERIA.ASM 694 : Found opcode in column 1. (call)
Warning[203] C:\USERS\ISRACODE\DOCUMENTS\FI\2024-2\MICROS\JALAPENOCHIPS\TEOCHIPS\FERIA\JUEGO_FERIA.ASM 695 : Found opcode in column 1. (bsf)
Warning[203] C:\USERS\ISRACODE\DOCUMENTS\FI\2024-2\MICROS\JALAPENOCHIPS\TEOCHIPS\FERIA\JUEGO_FERIA.ASM 696 : Found opcode in column 1. (bsf)
Warning[203] C:\USERS\ISRACODE\DOCUMENTS\FI\2024-2\MICROS\JALAPENOCHIPS\TEOCHIPS\FERIA\JUEGO_FERIA.ASM 697 : Found opcode in column 1. (call)
Warning[203] C:\USERS\ISRACODE\DOCUMENTS\FI\2024-2\MICROS\JALAPENOCHIPS\TEOCHIPS\FERIA\JUEGO_FERIA.ASM 698 : Found opcode in column 1. (bcf)
Warning[203] C:\USERS\ISRACODE\DOCUMENTS\FI\2024-2\MICROS\JALAPENOCHIPS\TEOCHIPS\FERIA\JUEGO_FERIA.ASM 699 : Found opcode in column 1. (call)
Warning[203] C:\USERS\ISRACODE\DOCUMENTS\FI\2024-2\MICROS\JALAPENOCHIPS\TEOCHIPS\FERIA\JUEGO_FERIA.ASM 700 : Found opcode in column 1. (call)
Warning[203] C:\USERS\ISRACODE\DOCUMENTS\FI\2024-2\MICROS\JALAPENOCHIPS\TEOCHIPS\FERIA\JUEGO_FERIA.ASM 701 : Found opcode in column 1. (return)
Warning[203] C:\USERS\ISRACODE\DOCUMENTS\FI\2024-2\MICROS\JALAPENOCHIPS\TEOCHIPS\FERIA\JUEGO_FERIA.ASM 704 : Found opcode in column 1. (call)
Warning[203] C:\USERS\ISRACODE\DOCUMENTS\FI\2024-2\MICROS\JALAPENOCHIPS\TEOCHIPS\FERIA\JUEGO_FERIA.ASM 705 : Found opcode in column 1. (call)
Warning[203] C:\USERS\ISRACODE\DOCUMENTS\FI\2024-2\MICROS\JALAPENOCHIPS\TEOCHIPS\FERIA\JUEGO_FERIA.ASM 706 : Found opcode in column 1. (call)
Warning[203] C:\USERS\ISRACODE\DOCUMENTS\FI\2024-2\MICROS\JALAPENOCHIPS\TEOCHIPS\FERIA\JUEGO_FERIA.ASM 707 : Found opcode in column 1. (call)
Warning[203] C:\USERS\ISRACODE\DOCUMENTS\FI\2024-2\MICROS\JALAPENOCHIPS\TEOCHIPS\FERIA\JUEGO_FERIA.ASM 708 : Found opcode in column 1. (call)
Warning[203] C:\USERS\ISRACODE\DOCUMENTS\FI\2024-2\MICROS\JALAPENOCHIPS\TEOCHIPS\FERIA\JUEGO_FERIA.ASM 709 : Found opcode in column 1. (call)
Warning[203] C:\USERS\ISRACODE\DOCUMENTS\FI\2024-2\MICROS\JALAPENOCHIPS\TEOCHIPS\FERIA\JUEGO_FERIA.ASM 710 : Found opcode in column 1. (call)
Warning[203] C:\USERS\ISRACODE\DOCUMENTS\FI\2024-2\MICROS\JALAPENOCHIPS\TEOCHIPS\FERIA\JUEGO_FERIA.ASM 711 : Found opcode in column 1. (call)
Warning[203] C:\USERS\ISRACODE\DOCUMENTS\FI\2024-2\MICROS\JALAPENOCHIPS\TEOCHIPS\FERIA\JUEGO_FERIA.ASM 712 : Found opcode in column 1. (call)
Warning[203] C:\USERS\ISRACODE\DOCUMENTS\FI\2024-2\MICROS\JALAPENOCHIPS\TEOCHIPS\FERIA\JUEGO_FERIA.ASM 713 : Found opcode in column 1. (call)
Warning[203] C:\USERS\ISRACODE\DOCUMENTS\FI\2024-2\MICROS\JALAPENOCHIPS\TEOCHIPS\FERIA\JUEGO_FERIA.ASM 718 : Found opcode in column 1. (movlw)
Warning[203] C:\USERS\ISRACODE\DOCUMENTS\FI\2024-2\MICROS\JALAPENOCHIPS\TEOCHIPS\FERIA\JUEGO_FERIA.ASM 719 : Found opcode in column 1. (movwf)
Warning[203] C:\USERS\ISRACODE\DOCUMENTS\FI\2024-2\MICROS\JALAPENOCHIPS\TEOCHIPS\FERIA\JUEGO_FERIA.ASM 721 : Found opcode in column 1. (movlw)
Warning[203] C:\USERS\ISRACODE\DOCUMENTS\FI\2024-2\MICROS\JALAPENOCHIPS\TEOCHIPS\FERIA\JUEGO_FERIA.ASM 722 : Found opcode in column 1. (movwf)
Warning[203] C:\USERS\ISRACODE\DOCUMENTS\FI\2024-2\MICROS\JALAPENOCHIPS\TEOCHIPS\FERIA\JUEGO_FERIA.ASM 724 : Found opcode in column 1. (decfsz)
Warning[203] C:\USERS\ISRACODE\DOCUMENTS\FI\2024-2\MICROS\JALAPENOCHIPS\TEOCHIPS\FERIA\JUEGO_FERIA.ASM 725 : Found opcode in column 1. (goto)
Warning[203] C:\USERS\ISRACODE\DOCUMENTS\FI\2024-2\MICROS\JALAPENOCHIPS\TEOCHIPS\FERIA\JUEGO_FERIA.ASM 726 : Found opcode in column 1. (decfsz)
Warning[203] C:\USERS\ISRACODE\DOCUMENTS\FI\2024-2\MICROS\JALAPENOCHIPS\TEOCHIPS\FERIA\JUEGO_FERIA.ASM 727 : Found opcode in column 1. (goto)
Warning[203] C:\USERS\ISRACODE\DOCUMENTS\FI\2024-2\MICROS\JALAPENOCHIPS\TEOCHIPS\FERIA\JUEGO_FERIA.ASM 728 : Found opcode in column 1. (return)
Warning[203] C:\USERS\ISRACODE\DOCUMENTS\FI\2024-2\MICROS\JALAPENOCHIPS\TEOCHIPS\FERIA\JUEGO_FERIA.ASM 732 : Found opcode in column 1. (movlw)
Warning[203] C:\USERS\ISRACODE\DOCUMENTS\FI\2024-2\MICROS\JALAPENOCHIPS\TEOCHIPS\FERIA\JUEGO_FERIA.ASM 733 : Found opcode in column 1. (movwf)
Warning[203] C:\USERS\ISRACODE\DOCUMENTS\FI\2024-2\MICROS\JALAPENOCHIPS\TEOCHIPS\FERIA\JUEGO_FERIA.ASM 735 : Found opcode in column 1. (movlw)
Warning[203] C:\USERS\ISRACODE\DOCUMENTS\FI\2024-2\MICROS\JALAPENOCHIPS\TEOCHIPS\FERIA\JUEGO_FERIA.ASM 736 : Found opcode in column 1. (movwf)
Warning[203] C:\USERS\ISRACODE\DOCUMENTS\FI\2024-2\MICROS\JALAPENOCHIPS\TEOCHIPS\FERIA\JUEGO_FERIA.ASM 738 : Found opcode in column 1. (movlw)
Warning[203] C:\USERS\ISRACODE\DOCUMENTS\FI\2024-2\MICROS\JALAPENOCHIPS\TEOCHIPS\FERIA\JUEGO_FERIA.ASM 739 : Found opcode in column 1. (movwf)
Warning[203] C:\USERS\ISRACODE\DOCUMENTS\FI\2024-2\MICROS\JALAPENOCHIPS\TEOCHIPS\FERIA\JUEGO_FERIA.ASM 741 : Found opcode in column 1. (decfsz)
Message[305] C:\USERS\ISRACODE\DOCUMENTS\FI\2024-2\MICROS\JALAPENOCHIPS\TEOCHIPS\FERIA\JUEGO_FERIA.ASM 741 : Using default destination of 1 (file).
Warning[203] C:\USERS\ISRACODE\DOCUMENTS\FI\2024-2\MICROS\JALAPENOCHIPS\TEOCHIPS\FERIA\JUEGO_FERIA.ASM 742 : Found opcode in column 1. (goto)
Warning[203] C:\USERS\ISRACODE\DOCUMENTS\FI\2024-2\MICROS\JALAPENOCHIPS\TEOCHIPS\FERIA\JUEGO_FERIA.ASM 743 : Found opcode in column 1. (decfsz)
Message[305] C:\USERS\ISRACODE\DOCUMENTS\FI\2024-2\MICROS\JALAPENOCHIPS\TEOCHIPS\FERIA\JUEGO_FERIA.ASM 743 : Using default destination of 1 (file).
Warning[203] C:\USERS\ISRACODE\DOCUMENTS\FI\2024-2\MICROS\JALAPENOCHIPS\TEOCHIPS\FERIA\JUEGO_FERIA.ASM 744 : Found opcode in column 1. (goto)
Warning[203] C:\USERS\ISRACODE\DOCUMENTS\FI\2024-2\MICROS\JALAPENOCHIPS\TEOCHIPS\FERIA\JUEGO_FERIA.ASM 745 : Found opcode in column 1. (decfsz)
Message[305] C:\USERS\ISRACODE\DOCUMENTS\FI\2024-2\MICROS\JALAPENOCHIPS\TEOCHIPS\FERIA\JUEGO_FERIA.ASM 745 : Using default destination of 1 (file).
Warning[203] C:\USERS\ISRACODE\DOCUMENTS\FI\2024-2\MICROS\JALAPENOCHIPS\TEOCHIPS\FERIA\JUEGO_FERIA.ASM 746 : Found opcode in column 1. (goto)
Warning[203] C:\USERS\ISRACODE\DOCUMENTS\FI\2024-2\MICROS\JALAPENOCHIPS\TEOCHIPS\FERIA\JUEGO_FERIA.ASM 747 : Found opcode in column 1. (return)
Warning[205] C:\USERS\ISRACODE\DOCUMENTS\FI\2024-2\MICROS\JALAPENOCHIPS\TEOCHIPS\FERIA\JUEGO_FERIA.ASM 749 : Found directive in column 1. (end)
