Warning[205] C:\USERS\ISRACODE\DOCUMENTS\FI\2024-2\MICROS\JALAPENOCHIPS\TEOCHIPS\PRUEBAS_CHIPS\PRUEBA_SIMULACION\MPLAB_SIM\SIMULACION.ASM 1 : Found directive in column 1. (processor)
Warning[205] C:\USERS\ISRACODE\DOCUMENTS\FI\2024-2\MICROS\JALAPENOCHIPS\TEOCHIPS\PRUEBAS_CHIPS\PRUEBA_SIMULACION\MPLAB_SIM\SIMULACION.ASM 2 : Found directive in column 1. (include)
Warning[205] C:\USERS\ISRACODE\DOCUMENTS\FI\2024-2\MICROS\JALAPENOCHIPS\TEOCHIPS\PRUEBAS_CHIPS\PRUEBA_SIMULACION\MPLAB_SIM\SIMULACION.ASM 17 : Found directive in column 1. (org)
Warning[203] C:\USERS\ISRACODE\DOCUMENTS\FI\2024-2\MICROS\JALAPENOCHIPS\TEOCHIPS\PRUEBAS_CHIPS\PRUEBA_SIMULACION\MPLAB_SIM\SIMULACION.ASM 18 : Found opcode in column 1. (goto)
Warning[205] C:\USERS\ISRACODE\DOCUMENTS\FI\2024-2\MICROS\JALAPENOCHIPS\TEOCHIPS\PRUEBAS_CHIPS\PRUEBA_SIMULACION\MPLAB_SIM\SIMULACION.ASM 19 : Found directive in column 1. (org)
Message[302] C:\USERS\ISRACODE\DOCUMENTS\FI\2024-2\MICROS\JALAPENOCHIPS\TEOCHIPS\PRUEBAS_CHIPS\PRUEBA_SIMULACION\MPLAB_SIM\SIMULACION.ASM 29 : Register in operand not in bank 0.  Ensure that bank bits are correct.
Message[302] C:\USERS\ISRACODE\DOCUMENTS\FI\2024-2\MICROS\JALAPENOCHIPS\TEOCHIPS\PRUEBAS_CHIPS\PRUEBA_SIMULACION\MPLAB_SIM\SIMULACION.ASM 31 : Register in operand not in bank 0.  Ensure that bank bits are correct.
Message[302] C:\USERS\ISRACODE\DOCUMENTS\FI\2024-2\MICROS\JALAPENOCHIPS\TEOCHIPS\PRUEBAS_CHIPS\PRUEBA_SIMULACION\MPLAB_SIM\SIMULACION.ASM 33 : Register in operand not in bank 0.  Ensure that bank bits are correct.
Warning[207] C:\USERS\ISRACODE\DOCUMENTS\FI\2024-2\MICROS\JALAPENOCHIPS\TEOCHIPS\PRUEBAS_CHIPS\PRUEBA_SIMULACION\MPLAB_SIM\SIMULACION.ASM 77 : Found label after column 1. (Nombres_Jugadores)
Message[302] C:\USERS\ISRACODE\DOCUMENTS\FI\2024-2\MICROS\JALAPENOCHIPS\TEOCHIPS\PRUEBAS_CHIPS\PRUEBA_SIMULACION\MPLAB_SIM\SIMULACION.ASM 144 : Register in operand not in bank 0.  Ensure that bank bits are correct.
Message[302] C:\USERS\ISRACODE\DOCUMENTS\FI\2024-2\MICROS\JALAPENOCHIPS\TEOCHIPS\PRUEBAS_CHIPS\PRUEBA_SIMULACION\MPLAB_SIM\SIMULACION.ASM 147 : Register in operand not in bank 0.  Ensure that bank bits are correct.
Error[113]   C:\USERS\ISRACODE\DOCUMENTS\FI\2024-2\MICROS\JALAPENOCHIPS\TEOCHIPS\PRUEBAS_CHIPS\PRUEBA_SIMULACION\MPLAB_SIM\SIMULACION.ASM 170 : Symbol not previously defined (Bucle_Principal)
Warning[207] C:\USERS\ISRACODE\DOCUMENTS\FI\2024-2\MICROS\JALAPENOCHIPS\TEOCHIPS\PRUEBAS_CHIPS\PRUEBA_SIMULACION\MPLAB_SIM\SIMULACION.ASM 266 : Found label after column 1. (inicia_lcd)
Warning[207] C:\USERS\ISRACODE\DOCUMENTS\FI\2024-2\MICROS\JALAPENOCHIPS\TEOCHIPS\PRUEBAS_CHIPS\PRUEBA_SIMULACION\MPLAB_SIM\SIMULACION.ASM 285 : Found label after column 1. (comando)
Warning[207] C:\USERS\ISRACODE\DOCUMENTS\FI\2024-2\MICROS\JALAPENOCHIPS\TEOCHIPS\PRUEBAS_CHIPS\PRUEBA_SIMULACION\MPLAB_SIM\SIMULACION.ASM 294 : Found label after column 1. (datos)
Warning[207] C:\USERS\ISRACODE\DOCUMENTS\FI\2024-2\MICROS\JALAPENOCHIPS\TEOCHIPS\PRUEBAS_CHIPS\PRUEBA_SIMULACION\MPLAB_SIM\SIMULACION.ASM 305 : Found label after column 1. (ret200)
Warning[207] C:\USERS\ISRACODE\DOCUMENTS\FI\2024-2\MICROS\JALAPENOCHIPS\TEOCHIPS\PRUEBAS_CHIPS\PRUEBA_SIMULACION\MPLAB_SIM\SIMULACION.ASM 309 : Found label after column 1. (loop)
Warning[207] C:\USERS\ISRACODE\DOCUMENTS\FI\2024-2\MICROS\JALAPENOCHIPS\TEOCHIPS\PRUEBAS_CHIPS\PRUEBA_SIMULACION\MPLAB_SIM\SIMULACION.ASM 313 : Found label after column 1. (loop1)
Warning[207] C:\USERS\ISRACODE\DOCUMENTS\FI\2024-2\MICROS\JALAPENOCHIPS\TEOCHIPS\PRUEBAS_CHIPS\PRUEBA_SIMULACION\MPLAB_SIM\SIMULACION.ASM 320 : Found label after column 1. (ret100ms)
Warning[207] C:\USERS\ISRACODE\DOCUMENTS\FI\2024-2\MICROS\JALAPENOCHIPS\TEOCHIPS\PRUEBAS_CHIPS\PRUEBA_SIMULACION\MPLAB_SIM\SIMULACION.ASM 324 : Found label after column 1. (tres)
Warning[207] C:\USERS\ISRACODE\DOCUMENTS\FI\2024-2\MICROS\JALAPENOCHIPS\TEOCHIPS\PRUEBAS_CHIPS\PRUEBA_SIMULACION\MPLAB_SIM\SIMULACION.ASM 328 : Found label after column 1. (dos)
Warning[207] C:\USERS\ISRACODE\DOCUMENTS\FI\2024-2\MICROS\JALAPENOCHIPS\TEOCHIPS\PRUEBAS_CHIPS\PRUEBA_SIMULACION\MPLAB_SIM\SIMULACION.ASM 332 : Found label after column 1. (uno)
Message[305] C:\USERS\ISRACODE\DOCUMENTS\FI\2024-2\MICROS\JALAPENOCHIPS\TEOCHIPS\PRUEBAS_CHIPS\PRUEBA_SIMULACION\MPLAB_SIM\SIMULACION.ASM 333 : Using default destination of 1 (file).
Message[305] C:\USERS\ISRACODE\DOCUMENTS\FI\2024-2\MICROS\JALAPENOCHIPS\TEOCHIPS\PRUEBAS_CHIPS\PRUEBA_SIMULACION\MPLAB_SIM\SIMULACION.ASM 335 : Using default destination of 1 (file).
Message[305] C:\USERS\ISRACODE\DOCUMENTS\FI\2024-2\MICROS\JALAPENOCHIPS\TEOCHIPS\PRUEBAS_CHIPS\PRUEBA_SIMULACION\MPLAB_SIM\SIMULACION.ASM 337 : Using default destination of 1 (file).
Warning[207] C:\USERS\ISRACODE\DOCUMENTS\FI\2024-2\MICROS\JALAPENOCHIPS\TEOCHIPS\PRUEBAS_CHIPS\PRUEBA_SIMULACION\MPLAB_SIM\SIMULACION.ASM 342 : Found label after column 1. (TERMINO)
