MPASM  5.48                   PROYECTO[1].ASM   4-10-2024  15:31:43         PAGE  1


LOC  OBJECT CODE     LINE SOURCE TEXT
  VALUE

Warning[205]: Found directive in column 1. (processor)
                      00001 processor 16f877a
Warning[205]: Found directive in column 1. (include)
                      00002 include <p16f877a.inc>
                      00001         LIST
                      00002 
                      00003 ;==========================================================================
                      00004 ;  MPASM PIC16F877A processor include
                      00005 ; 
                      00006 ;  (c) Copyright 1999-2012 Microchip Technology, All rights reserved
                      00007 ;==========================================================================
                      00008 
                      00566         LIST
                      00003 
                      00004 ; Definición de variables y constantes
  00000020            00005 valor   equ 0x20
  00000021            00006 valor1  equ 0x21
  00000022            00007 valor2  equ 0x22
                      00008 
Warning[205]: Found directive in column 1. (org)
0000                  00009 org 0
Warning[203]: Found opcode in column 1. (goto)
0000   2805           00010 goto inicio
Warning[205]: Found directive in column 1. (org)
0005                  00011 org 5
                      00012 
0005                  00013 inicio:
0005   0185           00014   clrf  PORTA
0006   0186           00015   clrf  PORTB
0007   1683           00016   bsf   STATUS,5
0008   1303           00017   bcf   STATUS,6
0009   3000           00018   movlw 0x00
Message[302]: Register in operand not in bank 0.  Ensure that bank bits are correct.
000A   0086           00019   movwf TRISB
000B   3007           00020   movlw 0x07
Message[302]: Register in operand not in bank 0.  Ensure that bank bits are correct.
000C   009F           00021   movwf ADCON1
000D   3000           00022   movlw 0x00
Message[302]: Register in operand not in bank 0.  Ensure that bank bits are correct.
000E   0085           00023   movwf TRISA
                      00024 
000F   1283           00025   bcf STATUS,5
0010   2016           00026   call inicia_lcd
0011   3080           00027   movlw 0x80
0012   2027           00028   call comando
                      00029   
0013   3052           00030   movlw 'R'
0014   202E           00031   call datos
0015   2815           00032   goto $
                      00033 
0016                  00034 inicia_lcd:
0016   3030           00035   movlw 0x30
0017   2027           00036   call comando
MPASM  5.48                   PROYECTO[1].ASM   4-10-2024  15:31:43         PAGE  2


LOC  OBJECT CODE     LINE SOURCE TEXT
  VALUE

0018   2040           00037   call ret100ms
0019   3030           00038   movlw 0x30
001A   2027           00039   call comando
001B   2040           00040   call ret100ms
001C   3038           00041   movlw 0x38
001D   2027           00042   call comando
001E   300C           00043   movlw 0x0c
001F   2027           00044   call comando
0020   3001           00045   movlw 0x01
0021   2027           00046   call comando
0022   3006           00047   movlw 0x06
0023   2027           00048   call comando
0024   3002           00049   movlw 0x02
0025   2027           00050   call comando
0026   0008           00051   return
                      00052 
0027                  00053 comando:
0027   0086           00054   movwf PORTB
0028   2037           00055   call ret200
0029   1005           00056   bcf PORTA,0
002A   1485           00057   bsf PORTA,1
002B   2037           00058   call ret200
002C   1085           00059   bcf PORTA,1
002D   0008           00060   return
                      00061   
002E                  00062 datos:
002E   0086           00063   movwf PORTB
002F   2037           00064   call ret200
0030   1405           00065   bsf PORTA,0
0031   1485           00066   bsf PORTA,1
0032   2037           00067   call ret200
0033   1085           00068   bcf PORTA,1
0034   2037           00069   call ret200
0035   2037           00070   call ret200
0036   0008           00071   return
                      00072 
0037                  00073 ret200:
0037   3002           00074   movlw 0x02
0038   00A1           00075   movwf valor1
                      00076   
0039                  00077 loop:
Warning[202]: Argument out of range.  Least significant bits used.
0039   3064           00078   movlw 164
003A   00A0           00079   movwf valor 
                      00080   
003B                  00081 loop1: 
003B   0BA0           00082   decfsz valor,1
003C   283B           00083   goto loop1 
003D   0BA1           00084   decfsz valor1,1
003E   2839           00085   goto loop
003F   0008           00086   return
                      00087 
0040                  00088 ret100ms:
MPASM  5.48                   PROYECTO[1].ASM   4-10-2024  15:31:43         PAGE  3


LOC  OBJECT CODE     LINE SOURCE TEXT
  VALUE

0040   3003           00089   movlw 0x03
0041   00A0           00090   movwf valor
                      00091   
0042                  00092 tres:
0042   30FF           00093   movlw 0xff
0043   00A1           00094   movwf valor1
                      00095 
0044                  00096 dos:
0044   30FF           00097   movlw 0xff
0045   00A2           00098   movwf valor2
                      00099   
0046                  00100 uno:
Message[305]: Using default destination of 1 (file).
0046   0BA2           00101   decfsz valor2
0047   2846           00102   goto uno
Message[305]: Using default destination of 1 (file).
0048   0BA1           00103   decfsz valor1
0049   2844           00104   goto dos
Message[305]: Using default destination of 1 (file).
004A   0BA0           00105   decfsz valor
004B   2842           00106   goto tres
004C   0008           00107   return 
                      00108   
Warning[205]: Found directive in column 1. (END)
                      00109 END 
MPASM  5.48                   PROYECTO[1].ASM   4-10-2024  15:31:43         PAGE  4


SYMBOL TABLE
  LABEL                             VALUE 

ACKDT                             00000005
ACKEN                             00000004
ACKSTAT                           00000006
ADCON0                            0000001F
ADCON1                            0000009F
ADCS0                             00000006
ADCS1                             00000007
ADCS2                             00000006
ADDEN                             00000003
ADFM                              00000007
ADIE                              00000006
ADIF                              00000006
ADON                              00000000
ADRESH                            0000001E
ADRESL                            0000009E
BCLIE                             00000003
BCLIF                             00000003
BF                                00000000
BRGH                              00000002
C                                 00000000
C1INV                             00000004
C1OUT                             00000006
C2INV                             00000005
C2OUT                             00000007
CCP1CON                           00000017
CCP1IE                            00000002
CCP1IF                            00000002
CCP1M0                            00000000
CCP1M1                            00000001
CCP1M2                            00000002
CCP1M3                            00000003
CCP1X                             00000005
CCP1Y                             00000004
CCP2CON                           0000001D
CCP2IE                            00000000
CCP2IF                            00000000
CCP2M0                            00000000
CCP2M1                            00000001
CCP2M2                            00000002
CCP2M3                            00000003
CCP2X                             00000005
CCP2Y                             00000004
CCPR1                             00000015
CCPR1H                            00000016
CCPR1L                            00000015
CCPR2                             0000001B
CCPR2H                            0000001C
CCPR2L                            0000001B
CHS0                              00000003
CHS1                              00000004
CHS2                              00000005
CIS                               00000003
CKE                               00000006
MPASM  5.48                   PROYECTO[1].ASM   4-10-2024  15:31:43         PAGE  5


SYMBOL TABLE
  LABEL                             VALUE 

CKP                               00000004
CM0                               00000000
CM1                               00000001
CM2                               00000002
CMCON                             0000009C
CMIE                              00000006
CMIF                              00000006
CREN                              00000004
CSRC                              00000007
CVR0                              00000000
CVR1                              00000001
CVR2                              00000002
CVR3                              00000003
CVRCON                            0000009D
CVREN                             00000007
CVROE                             00000006
CVRR                              00000005
D                                 00000005
DATA_ADDRESS                      00000005
DC                                00000001
D_A                               00000005
D_NOT_A                           00000005
EEADR                             0000010D
EEADRH                            0000010F
EECON1                            0000018C
EECON2                            0000018D
EEDATA                            0000010C
EEDATH                            0000010E
EEIE                              00000004
EEIF                              00000004
EEPGD                             00000007
F                                 00000001
FERR                              00000002
FSR                               00000004
GCEN                              00000007
GIE                               00000007
GO                                00000002
GO_DONE                           00000002
GO_NOT_DONE                       00000002
I2C_DATA                          00000005
I2C_READ                          00000002
I2C_START                         00000003
I2C_STOP                          00000004
IBF                               00000007
IBOV                              00000005
INDF                              00000000
INTCON                            0000000B
INTE                              00000004
INTEDG                            00000006
INTF                              00000001
IRP                               00000007
NOT_A                             00000005
NOT_ADDRESS                       00000005
MPASM  5.48                   PROYECTO[1].ASM   4-10-2024  15:31:43         PAGE  6


SYMBOL TABLE
  LABEL                             VALUE 

NOT_BO                            00000000
NOT_BOR                           00000000
NOT_DONE                          00000002
NOT_PD                            00000003
NOT_POR                           00000001
NOT_RBPU                          00000007
NOT_RC8                           00000006
NOT_T1SYNC                        00000002
NOT_TO                            00000004
NOT_TX8                           00000006
NOT_W                             00000002
NOT_WRITE                         00000002
OBF                               00000006
OERR                              00000001
OPTION_REG                        00000081
P                                 00000004
PCFG0                             00000000
PCFG1                             00000001
PCFG2                             00000002
PCFG3                             00000003
PCL                               00000002
PCLATH                            0000000A
PCON                              0000008E
PEIE                              00000006
PEN                               00000002
PIE1                              0000008C
PIE2                              0000008D
PIR1                              0000000C
PIR2                              0000000D
PORTA                             00000005
PORTB                             00000006
PORTC                             00000007
PORTD                             00000008
PORTE                             00000009
PR2                               00000092
PS0                               00000000
PS1                               00000001
PS2                               00000002
PSA                               00000003
PSPIE                             00000007
PSPIF                             00000007
PSPMODE                           00000004
R                                 00000002
RA0                               00000000
RA1                               00000001
RA2                               00000002
RA3                               00000003
RA4                               00000004
RA5                               00000005
RB0                               00000000
RB1                               00000001
RB2                               00000002
RB3                               00000003
MPASM  5.48                   PROYECTO[1].ASM   4-10-2024  15:31:43         PAGE  7


SYMBOL TABLE
  LABEL                             VALUE 

RB4                               00000004
RB5                               00000005
RB6                               00000006
RB7                               00000007
RBIE                              00000003
RBIF                              00000000
RC0                               00000000
RC1                               00000001
RC2                               00000002
RC3                               00000003
RC4                               00000004
RC5                               00000005
RC6                               00000006
RC7                               00000007
RC8_9                             00000006
RC9                               00000006
RCD8                              00000000
RCEN                              00000003
RCIE                              00000005
RCIF                              00000005
RCREG                             0000001A
RCSTA                             00000018
RD                                00000000
RD0                               00000000
RD1                               00000001
RD2                               00000002
RD3                               00000003
RD4                               00000004
RD5                               00000005
RD6                               00000006
RD7                               00000007
RE0                               00000000
RE1                               00000001
RE2                               00000002
READ_WRITE                        00000002
RP0                               00000005
RP1                               00000006
RSEN                              00000001
RX9                               00000006
RX9D                              00000000
R_NOT_W                           00000002
R_W                               00000002
S                                 00000003
SEN                               00000000
SMP                               00000007
SPBRG                             00000099
SPEN                              00000007
SREN                              00000005
SSPADD                            00000093
SSPBUF                            00000013
SSPCON                            00000014
SSPCON2                           00000091
SSPEN                             00000005
MPASM  5.48                   PROYECTO[1].ASM   4-10-2024  15:31:43         PAGE  8


SYMBOL TABLE
  LABEL                             VALUE 

SSPIE                             00000003
SSPIF                             00000003
SSPM0                             00000000
SSPM1                             00000001
SSPM2                             00000002
SSPM3                             00000003
SSPOV                             00000006
SSPSTAT                           00000094
STATUS                            00000003
SYNC                              00000004
T0CS                              00000005
T0IE                              00000005
T0IF                              00000002
T0SE                              00000004
T1CKPS0                           00000004
T1CKPS1                           00000005
T1CON                             00000010
T1INSYNC                          00000002
T1OSCEN                           00000003
T1SYNC                            00000002
T2CKPS0                           00000000
T2CKPS1                           00000001
T2CON                             00000012
TMR0                              00000001
TMR0IE                            00000005
TMR0IF                            00000002
TMR1                              0000000E
TMR1CS                            00000001
TMR1H                             0000000F
TMR1IE                            00000000
TMR1IF                            00000000
TMR1L                             0000000E
TMR1ON                            00000000
TMR2                              00000011
TMR2IE                            00000001
TMR2IF                            00000001
TMR2ON                            00000002
TOUTPS0                           00000003
TOUTPS1                           00000004
TOUTPS2                           00000005
TOUTPS3                           00000006
TRISA                             00000085
TRISA0                            00000000
TRISA1                            00000001
TRISA2                            00000002
TRISA3                            00000003
TRISA4                            00000004
TRISA5                            00000005
TRISB                             00000086
TRISB0                            00000000
TRISB1                            00000001
TRISB2                            00000002
TRISB3                            00000003
MPASM  5.48                   PROYECTO[1].ASM   4-10-2024  15:31:43         PAGE  9


SYMBOL TABLE
  LABEL                             VALUE 

TRISB4                            00000004
TRISB5                            00000005
TRISB6                            00000006
TRISB7                            00000007
TRISC                             00000087
TRISC0                            00000000
TRISC1                            00000001
TRISC2                            00000002
TRISC3                            00000003
TRISC4                            00000004
TRISC5                            00000005
TRISC6                            00000006
TRISC7                            00000007
TRISD                             00000088
TRISD0                            00000000
TRISD1                            00000001
TRISD2                            00000002
TRISD3                            00000003
TRISD4                            00000004
TRISD5                            00000005
TRISD6                            00000006
TRISD7                            00000007
TRISE                             00000089
TRISE0                            00000000
TRISE1                            00000001
TRISE2                            00000002
TRMT                              00000001
TX8_9                             00000006
TX9                               00000006
TX9D                              00000000
TXD8                              00000000
TXEN                              00000005
TXIE                              00000004
TXIF                              00000004
TXREG                             00000019
TXSTA                             00000098
UA                                00000001
W                                 00000000
WCOL                              00000007
WR                                00000001
WREN                              00000002
WRERR                             00000003
Z                                 00000002
_BODEN_OFF                        00003FBF
_BODEN_ON                         00003FFF
_BOREN_OFF                        00003FBF
_BOREN_ON                         00003FFF
_CONFIG                           00002007
_CPD_OFF                          00003FFF
_CPD_ON                           00003EFF
_CP_ALL                           00001FFF
_CP_OFF                           00003FFF
_CP_ON                            00001FFF
MPASM  5.48                   PROYECTO[1].ASM   4-10-2024  15:31:43         PAGE 10


SYMBOL TABLE
  LABEL                             VALUE 

_DEBUG_OFF                        00003FFF
_DEBUG_ON                         000037FF
_DEVID1                           00002006
_FOSC_EXTRC                       00003FFF
_FOSC_HS                          00003FFE
_FOSC_LP                          00003FFC
_FOSC_XT                          00003FFD
_HS_OSC                           00003FFE
_IDLOC0                           00002000
_IDLOC1                           00002001
_IDLOC2                           00002002
_IDLOC3                           00002003
_LP_OSC                           00003FFC
_LVP_OFF                          00003F7F
_LVP_ON                           00003FFF
_PWRTE_OFF                        00003FFF
_PWRTE_ON                         00003FF7
_RC_OSC                           00003FFF
_WDTE_OFF                         00003FFB
_WDTE_ON                          00003FFF
_WDT_OFF                          00003FFB
_WDT_ON                           00003FFF
_WRT_1FOURTH                      00003BFF
_WRT_256                          00003DFF
_WRT_HALF                         000039FF
_WRT_OFF                          00003FFF
_XT_OSC                           00003FFD
__16F877A                         00000001
comando                           00000027
datos                             0000002E
dos                               00000044
inicia_lcd                        00000016
inicio                            00000005
loop                              00000039
loop1                             0000003B
ret100ms                          00000040
ret200                            00000037
tres                              00000042
uno                               00000046
valor                             00000020
valor1                            00000021
valor2                            00000022
MPASM  5.48                   PROYECTO[1].ASM   4-10-2024  15:31:43         PAGE 11


MEMORY USAGE MAP ('X' = Used,  '-' = Unused)


0000 : X----XXXXXXXXXXX XXXXXXXXXXXXXXXX XXXXXXXXXXXXXXXX XXXXXXXXXXXXXXXX
0040 : XXXXXXXXXXXXX--- ---------------- ---------------- ----------------

All other memory blocks unused.

Program Memory Words Used:    73
Program Memory Words Free:  8119


Errors   :     0
Warnings :     7 reported,     0 suppressed
Messages :     6 reported,     0 suppressed

