;  LST file generated by mikroListExporter - v.2.0 
; Date/Time: 17/05/2024 12:28:59 p. m.
;----------------------------------------------

;Address Opcode 	ASM
0x0000	0x2803      	GOTO       3
_main:
0x0003	0x30FF      	MOVLW      255
0x0004	0x1683      	BSF        STATUS, 5
0x0005	0x1303      	BCF        STATUS, 6
0x0006	0x0085      	MOVWF      TRISA
0x0007	0x3006      	MOVLW      6
0x0008	0x009F      	MOVWF      ADCON1
0x0009	0x0186      	CLRF       TRISB
0x000A	0x1087      	BCF        TRISC, 1
0x000B	0x1107      	BCF        TRISC, 2
L_main0:
0x000C	0x300F      	MOVLW      15
0x000D	0x1283      	BCF        STATUS, 5
0x000E	0x0505      	ANDWF      PORTA, 0
0x000F	0x00F1      	MOVWF      R1
0x0010	0x0871      	MOVF       R1, 0
0x0011	0x00F2      	MOVWF      R2
0x0012	0x0871      	MOVF       R1, 0
0x0013	0x3A00      	XORLW      0
0x0014	0x1D03      	BTFSS      STATUS, 2
0x0015	0x281D      	GOTO       L_main2
0x0016	0x1087      	BCF        PORTC, 1
0x0017	0x1086      	BCF        PORTB, 1
0x0018	0x1006      	BCF        PORTB, 0
0x0019	0x1107      	BCF        PORTC, 2
0x001A	0x1186      	BCF        PORTB, 3
0x001B	0x1106      	BCF        PORTB, 2
0x001C	0x287B      	GOTO       L_main3
L_main2:
0x001D	0x0872      	MOVF       R2, 0
0x001E	0x3A01      	XORLW      1
0x001F	0x1D03      	BTFSS      STATUS, 2
0x0020	0x2828      	GOTO       L_main4
0x0021	0x1087      	BCF        PORTC, 1
0x0022	0x1086      	BCF        PORTB, 1
0x0023	0x1006      	BCF        PORTB, 0
0x0024	0x1507      	BSF        PORTC, 2
0x0025	0x1186      	BCF        PORTB, 3
0x0026	0x1506      	BSF        PORTB, 2
0x0027	0x287B      	GOTO       L_main5
L_main4:
0x0028	0x0872      	MOVF       R2, 0
0x0029	0x3A02      	XORLW      2
0x002A	0x1D03      	BTFSS      STATUS, 2
0x002B	0x2833      	GOTO       L_main6
0x002C	0x1087      	BCF        PORTC, 1
0x002D	0x1086      	BCF        PORTB, 1
0x002E	0x1006      	BCF        PORTB, 0
0x002F	0x1507      	BSF        PORTC, 2
0x0030	0x1586      	BSF        PORTB, 3
0x0031	0x1106      	BCF        PORTB, 2
0x0032	0x287B      	GOTO       L_main7
L_main6:
0x0033	0x0872      	MOVF       R2, 0
0x0034	0x3A03      	XORLW      3
0x0035	0x1D03      	BTFSS      STATUS, 2
0x0036	0x283E      	GOTO       L_main8
0x0037	0x1487      	BSF        PORTC, 1
0x0038	0x1086      	BCF        PORTB, 1
0x0039	0x1406      	BSF        PORTB, 0
0x003A	0x1107      	BCF        PORTC, 2
0x003B	0x1186      	BCF        PORTB, 3
0x003C	0x1106      	BCF        PORTB, 2
0x003D	0x287B      	GOTO       L_main9
L_main8:
0x003E	0x0872      	MOVF       R2, 0
0x003F	0x3A04      	XORLW      4
0x0040	0x1D03      	BTFSS      STATUS, 2
0x0041	0x2849      	GOTO       L_main10
0x0042	0x1487      	BSF        PORTC, 1
0x0043	0x1486      	BSF        PORTB, 1
0x0044	0x1006      	BCF        PORTB, 0
0x0045	0x1107      	BCF        PORTC, 2
0x0046	0x1186      	BCF        PORTB, 3
0x0047	0x1106      	BCF        PORTB, 2
0x0048	0x287B      	GOTO       L_main11
L_main10:
0x0049	0x0872      	MOVF       R2, 0
0x004A	0x3A05      	XORLW      5
0x004B	0x1D03      	BTFSS      STATUS, 2
0x004C	0x2854      	GOTO       L_main12
0x004D	0x1487      	BSF        PORTC, 1
0x004E	0x1086      	BCF        PORTB, 1
0x004F	0x1406      	BSF        PORTB, 0
0x0050	0x1507      	BSF        PORTC, 2
0x0051	0x1186      	BCF        PORTB, 3
0x0052	0x1506      	BSF        PORTB, 2
0x0053	0x287B      	GOTO       L_main13
L_main12:
0x0054	0x0872      	MOVF       R2, 0
0x0055	0x3A06      	XORLW      6
0x0056	0x1D03      	BTFSS      STATUS, 2
0x0057	0x285F      	GOTO       L_main14
0x0058	0x1487      	BSF        PORTC, 1
0x0059	0x1486      	BSF        PORTB, 1
0x005A	0x1006      	BCF        PORTB, 0
0x005B	0x1507      	BSF        PORTC, 2
0x005C	0x1586      	BSF        PORTB, 3
0x005D	0x1106      	BCF        PORTB, 2
0x005E	0x287B      	GOTO       L_main15
L_main14:
0x005F	0x0872      	MOVF       R2, 0
0x0060	0x3A07      	XORLW      7
0x0061	0x1D03      	BTFSS      STATUS, 2
0x0062	0x286A      	GOTO       L_main16
0x0063	0x1487      	BSF        PORTC, 1
0x0064	0x1086      	BCF        PORTB, 1
0x0065	0x1406      	BSF        PORTB, 0
0x0066	0x1507      	BSF        PORTC, 2
0x0067	0x1586      	BSF        PORTB, 3
0x0068	0x1106      	BCF        PORTB, 2
0x0069	0x287B      	GOTO       L_main17
L_main16:
0x006A	0x0872      	MOVF       R2, 0
0x006B	0x3A08      	XORLW      8
0x006C	0x1D03      	BTFSS      STATUS, 2
0x006D	0x2875      	GOTO       L_main18
0x006E	0x1487      	BSF        PORTC, 1
0x006F	0x1486      	BSF        PORTB, 1
0x0070	0x1006      	BCF        PORTB, 0
0x0071	0x1507      	BSF        PORTC, 2
0x0072	0x1186      	BCF        PORTB, 3
0x0073	0x1506      	BSF        PORTB, 2
0x0074	0x287B      	GOTO       L_main19
L_main18:
0x0075	0x1087      	BCF        PORTC, 1
0x0076	0x1086      	BCF        PORTB, 1
0x0077	0x1006      	BCF        PORTB, 0
0x0078	0x1107      	BCF        PORTC, 2
0x0079	0x1186      	BCF        PORTB, 3
0x007A	0x1106      	BCF        PORTB, 2
L_main19:
L_main17:
L_main15:
L_main13:
L_main11:
L_main9:
L_main7:
L_main5:
L_main3:
0x007B	0x301A      	MOVLW      26
0x007C	0x00FB      	MOVWF      R11
0x007D	0x305E      	MOVLW      94
0x007E	0x00FC      	MOVWF      R12
0x007F	0x306E      	MOVLW      110
0x0080	0x00FD      	MOVWF      R13
L_main20:
0x0081	0x0BFD      	DECFSZ     R13, 1
0x0082	0x2881      	GOTO       L_main20
0x0083	0x0BFC      	DECFSZ     R12, 1
0x0084	0x2881      	GOTO       L_main20
0x0085	0x0BFB      	DECFSZ     R11, 1
0x0086	0x2881      	GOTO       L_main20
0x0087	0x0000      	NOP
0x0088	0x280C      	GOTO       L_main0
L_end_main:
0x0089	0x2889      	GOTO       $+0
; end of _main
Symbol List:
//** Routines locations **
//ADDRESS    SIZE    PROCEDURE
//----------------------------------------------
0x0003     [135]    _main
//** Variables locations ** 
//ADDRESS    SIZE    VARIABLE
//----------------------------------------------
0x0000       [1]    INDF
0x0003       [1]    STATUS
0x0004       [1]    FSR
0x0005       [1]    PORTA
0x0006       [1]    PORTB
0x0007       [1]    PORTC
0x000A       [1]    PCLATH
0x0020       [2]    ___DoICPAddr
0x0070       [1]    R0
0x0071       [1]    R1
0x0072       [1]    R2
0x0073       [1]    R3
0x0074       [1]    R4
0x0075       [1]    R5
0x0076       [1]    R6
0x0077       [1]    R7
0x0078       [1]    R8
0x0079       [1]    R9
0x007A       [1]    R10
0x007B       [1]    R11
0x007C       [1]    R12
0x007D       [1]    R13
0x007E       [1]    R14
0x007F       [1]    R15
0x0085       [1]    TRISA
0x0086       [1]    TRISB
0x0087       [1]    TRISC
0x009F       [1]    ADCON1
