Warning[205] C:\USERS\ISRACODE\DOCUMENTS\FI\2024-2\MICROS\JALAPENOCHIPS\TEOCHIPS\BUZZERLED\PRUEBASBUZZERLED.ASM 1 : Found directive in column 1. (processor)
Warning[205] C:\USERS\ISRACODE\DOCUMENTS\FI\2024-2\MICROS\JALAPENOCHIPS\TEOCHIPS\BUZZERLED\PRUEBASBUZZERLED.ASM 2 : Found directive in column 1. (include)
Warning[205] C:\USERS\ISRACODE\DOCUMENTS\FI\2024-2\MICROS\JALAPENOCHIPS\TEOCHIPS\BUZZERLED\PRUEBASBUZZERLED.ASM 9 : Found directive in column 1. (org)
Warning[203] C:\USERS\ISRACODE\DOCUMENTS\FI\2024-2\MICROS\JALAPENOCHIPS\TEOCHIPS\BUZZERLED\PRUEBASBUZZERLED.ASM 10 : Found opcode in column 1. (goto)
Warning[205] C:\USERS\ISRACODE\DOCUMENTS\FI\2024-2\MICROS\JALAPENOCHIPS\TEOCHIPS\BUZZERLED\PRUEBASBUZZERLED.ASM 11 : Found directive in column 1. (org)
Message[302] C:\USERS\ISRACODE\DOCUMENTS\FI\2024-2\MICROS\JALAPENOCHIPS\TEOCHIPS\BUZZERLED\PRUEBASBUZZERLED.ASM 18 : Register in operand not in bank 0.  Ensure that bank bits are correct.
Message[302] C:\USERS\ISRACODE\DOCUMENTS\FI\2024-2\MICROS\JALAPENOCHIPS\TEOCHIPS\BUZZERLED\PRUEBASBUZZERLED.ASM 24 : Register in operand not in bank 0.  Ensure that bank bits are correct.
Warning[205] C:\USERS\ISRACODE\DOCUMENTS\FI\2024-2\MICROS\JALAPENOCHIPS\TEOCHIPS\BUZZERLED\PRUEBASBUZZERLED.ASM 32 : Found directive in column 1. (org)
Error[118]   C:\USERS\ISRACODE\DOCUMENTS\FI\2024-2\MICROS\JALAPENOCHIPS\TEOCHIPS\BUZZERLED\PRUEBASBUZZERLED.ASM 34 : Overwriting previous address contents (0005)
Error[118]   C:\USERS\ISRACODE\DOCUMENTS\FI\2024-2\MICROS\JALAPENOCHIPS\TEOCHIPS\BUZZERLED\PRUEBASBUZZERLED.ASM 34 : Overwriting previous address contents (0005)
Error[118]   C:\USERS\ISRACODE\DOCUMENTS\FI\2024-2\MICROS\JALAPENOCHIPS\TEOCHIPS\BUZZERLED\PRUEBASBUZZERLED.ASM 35 : Overwriting previous address contents (0006)
Error[118]   C:\USERS\ISRACODE\DOCUMENTS\FI\2024-2\MICROS\JALAPENOCHIPS\TEOCHIPS\BUZZERLED\PRUEBASBUZZERLED.ASM 35 : Overwriting previous address contents (0006)
Error[118]   C:\USERS\ISRACODE\DOCUMENTS\FI\2024-2\MICROS\JALAPENOCHIPS\TEOCHIPS\BUZZERLED\PRUEBASBUZZERLED.ASM 36 : Overwriting previous address contents (0007)
Error[118]   C:\USERS\ISRACODE\DOCUMENTS\FI\2024-2\MICROS\JALAPENOCHIPS\TEOCHIPS\BUZZERLED\PRUEBASBUZZERLED.ASM 36 : Overwriting previous address contents (0007)
Error[118]   C:\USERS\ISRACODE\DOCUMENTS\FI\2024-2\MICROS\JALAPENOCHIPS\TEOCHIPS\BUZZERLED\PRUEBASBUZZERLED.ASM 37 : Overwriting previous address contents (0008)
Error[118]   C:\USERS\ISRACODE\DOCUMENTS\FI\2024-2\MICROS\JALAPENOCHIPS\TEOCHIPS\BUZZERLED\PRUEBASBUZZERLED.ASM 37 : Overwriting previous address contents (0008)
Error[118]   C:\USERS\ISRACODE\DOCUMENTS\FI\2024-2\MICROS\JALAPENOCHIPS\TEOCHIPS\BUZZERLED\PRUEBASBUZZERLED.ASM 38 : Overwriting previous address contents (0009)
Error[118]   C:\USERS\ISRACODE\DOCUMENTS\FI\2024-2\MICROS\JALAPENOCHIPS\TEOCHIPS\BUZZERLED\PRUEBASBUZZERLED.ASM 38 : Overwriting previous address contents (0009)
Error[118]   C:\USERS\ISRACODE\DOCUMENTS\FI\2024-2\MICROS\JALAPENOCHIPS\TEOCHIPS\BUZZERLED\PRUEBASBUZZERLED.ASM 39 : Overwriting previous address contents (000A)
Error[118]   C:\USERS\ISRACODE\DOCUMENTS\FI\2024-2\MICROS\JALAPENOCHIPS\TEOCHIPS\BUZZERLED\PRUEBASBUZZERLED.ASM 39 : Overwriting previous address contents (000A)
Error[118]   C:\USERS\ISRACODE\DOCUMENTS\FI\2024-2\MICROS\JALAPENOCHIPS\TEOCHIPS\BUZZERLED\PRUEBASBUZZERLED.ASM 40 : Overwriting previous address contents (000B)
Error[118]   C:\USERS\ISRACODE\DOCUMENTS\FI\2024-2\MICROS\JALAPENOCHIPS\TEOCHIPS\BUZZERLED\PRUEBASBUZZERLED.ASM 40 : Overwriting previous address contents (000B)
Error[118]   C:\USERS\ISRACODE\DOCUMENTS\FI\2024-2\MICROS\JALAPENOCHIPS\TEOCHIPS\BUZZERLED\PRUEBASBUZZERLED.ASM 41 : Overwriting previous address contents (000C)
Error[118]   C:\USERS\ISRACODE\DOCUMENTS\FI\2024-2\MICROS\JALAPENOCHIPS\TEOCHIPS\BUZZERLED\PRUEBASBUZZERLED.ASM 41 : Overwriting previous address contents (000C)
Error[118]   C:\USERS\ISRACODE\DOCUMENTS\FI\2024-2\MICROS\JALAPENOCHIPS\TEOCHIPS\BUZZERLED\PRUEBASBUZZERLED.ASM 42 : Overwriting previous address contents (000D)
Error[118]   C:\USERS\ISRACODE\DOCUMENTS\FI\2024-2\MICROS\JALAPENOCHIPS\TEOCHIPS\BUZZERLED\PRUEBASBUZZERLED.ASM 42 : Overwriting previous address contents (000D)
Error[118]   C:\USERS\ISRACODE\DOCUMENTS\FI\2024-2\MICROS\JALAPENOCHIPS\TEOCHIPS\BUZZERLED\PRUEBASBUZZERLED.ASM 45 : Overwriting previous address contents (000E)
Error[118]   C:\USERS\ISRACODE\DOCUMENTS\FI\2024-2\MICROS\JALAPENOCHIPS\TEOCHIPS\BUZZERLED\PRUEBASBUZZERLED.ASM 45 : Overwriting previous address contents (000E)
Error[113]   C:\USERS\ISRACODE\DOCUMENTS\FI\2024-2\MICROS\JALAPENOCHIPS\TEOCHIPS\BUZZERLED\PRUEBASBUZZERLED.ASM 50 : Symbol not previously defined (COUNT1)
Error[113]   C:\USERS\ISRACODE\DOCUMENTS\FI\2024-2\MICROS\JALAPENOCHIPS\TEOCHIPS\BUZZERLED\PRUEBASBUZZERLED.ASM 52 : Symbol not previously defined (COUNT1)
Warning[205] C:\USERS\ISRACODE\DOCUMENTS\FI\2024-2\MICROS\JALAPENOCHIPS\TEOCHIPS\BUZZERLED\PRUEBASBUZZERLED.ASM 56 : Found directive in column 1. (end)
